job begin
Job begin at 2021-11-21 15:06:34.599768
Data = NeuralTextures_c40
Epoch = 20
Weight_decay = 1e-05
Let's use 1 GPUs!
Using dropout 0.5
Epoch 1/20
====================
iteration    200 train loss: 0.0222 Acc: 0.5625
iteration    400 train loss: 0.0214 Acc: 0.6562
iteration    600 train loss: 0.0212 Acc: 0.4688
iteration    800 train loss: 0.0249 Acc: 0.2812
iteration   1000 train loss: 0.0205 Acc: 0.5938
iteration   1200 train loss: 0.0203 Acc: 0.7188
iteration   1400 train loss: 0.0218 Acc: 0.5938
iteration   1600 train loss: 0.0213 Acc: 0.6250
iteration   1800 train loss: 0.0215 Acc: 0.4688
iteration   2000 train loss: 0.0219 Acc: 0.5000
iteration   2200 train loss: 0.0207 Acc: 0.6562
iteration   2400 train loss: 0.0203 Acc: 0.6875
epoch 1 use 0:17:31.953596
epoch train loss: 0.0218 Acc: 0.5451
epoch val loss: 0.0215 Acc: 0.5724 

Epoch 2/20
====================
iteration   2600 train loss: 0.0227 Acc: 0.5625
iteration   2800 train loss: 0.0232 Acc: 0.5000
iteration   3000 train loss: 0.0187 Acc: 0.6562
iteration   3200 train loss: 0.0170 Acc: 0.7500
iteration   3400 train loss: 0.0235 Acc: 0.4375
iteration   3600 train loss: 0.0182 Acc: 0.7188
iteration   3800 train loss: 0.0186 Acc: 0.6562
iteration   4000 train loss: 0.0165 Acc: 0.7500
iteration   4200 train loss: 0.0193 Acc: 0.5938
iteration   4400 train loss: 0.0180 Acc: 0.7500
iteration   4600 train loss: 0.0113 Acc: 0.8438
iteration   4800 train loss: 0.0176 Acc: 0.6875
iteration   5000 train loss: 0.0118 Acc: 0.9062
epoch 2 use 0:20:40.415846
epoch train loss: 0.0174 Acc: 0.6953
epoch val loss: 0.0171 Acc: 0.6904 

Epoch 3/20
====================
iteration   5200 train loss: 0.0174 Acc: 0.7812
iteration   5400 train loss: 0.0084 Acc: 0.9375
iteration   5600 train loss: 0.0191 Acc: 0.6562
iteration   5800 train loss: 0.0145 Acc: 0.7500
iteration   6000 train loss: 0.0089 Acc: 0.8750
iteration   6200 train loss: 0.0082 Acc: 0.9375
iteration   6400 train loss: 0.0129 Acc: 0.8438
iteration   6600 train loss: 0.0179 Acc: 0.7188
iteration   6800 train loss: 0.0139 Acc: 0.8438
iteration   7000 train loss: 0.0145 Acc: 0.8125
iteration   7200 train loss: 0.0072 Acc: 0.9062
iteration   7400 train loss: 0.0064 Acc: 0.9375
iteration   7600 train loss: 0.0107 Acc: 0.8750
epoch 3 use 0:20:48.173934
epoch train loss: 0.0123 Acc: 0.8114
epoch val loss: 0.0175 Acc: 0.7540 

Epoch 4/20
====================
iteration   7800 train loss: 0.0056 Acc: 0.9062
iteration   8000 train loss: 0.0083 Acc: 0.8750
iteration   8200 train loss: 0.0094 Acc: 0.8125
iteration   8400 train loss: 0.0080 Acc: 0.8750
iteration   8600 train loss: 0.0102 Acc: 0.8750
iteration   8800 train loss: 0.0104 Acc: 0.8750
iteration   9000 train loss: 0.0145 Acc: 0.8125
iteration   9200 train loss: 0.0129 Acc: 0.7812
iteration   9400 train loss: 0.0081 Acc: 0.8750
iteration   9600 train loss: 0.0069 Acc: 0.8750
iteration   9800 train loss: 0.0082 Acc: 0.8750
iteration  10000 train loss: 0.0064 Acc: 0.9062
iteration  10200 train loss: 0.0057 Acc: 0.9062
epoch 4 use 0:20:28.122246
epoch train loss: 0.0090 Acc: 0.8746
epoch val loss: 0.0173 Acc: 0.7687 

Epoch 5/20
====================
iteration  10400 train loss: 0.0059 Acc: 0.9375
iteration  10600 train loss: 0.0085 Acc: 0.8438
iteration  10800 train loss: 0.0036 Acc: 0.9688
iteration  11000 train loss: 0.0081 Acc: 0.8438
iteration  11200 train loss: 0.0123 Acc: 0.8438
iteration  11400 train loss: 0.0032 Acc: 1.0000
iteration  11600 train loss: 0.0058 Acc: 0.9062
iteration  11800 train loss: 0.0015 Acc: 1.0000
iteration  12000 train loss: 0.0069 Acc: 0.9062
iteration  12200 train loss: 0.0060 Acc: 0.9375
iteration  12400 train loss: 0.0105 Acc: 0.8438
iteration  12600 train loss: 0.0020 Acc: 1.0000
iteration  12800 train loss: 0.0042 Acc: 0.9375
epoch 5 use 0:20:42.942672
epoch train loss: 0.0069 Acc: 0.9068
epoch val loss: 0.0197 Acc: 0.7743 

Epoch 6/20
====================
iteration  13000 train loss: 0.0037 Acc: 0.9375
iteration  13200 train loss: 0.0066 Acc: 0.9375
iteration  13400 train loss: 0.0011 Acc: 1.0000
iteration  13600 train loss: 0.0084 Acc: 0.9375
iteration  13800 train loss: 0.0063 Acc: 0.8438
iteration  14000 train loss: 0.0032 Acc: 0.9375
iteration  14200 train loss: 0.0034 Acc: 0.9688
iteration  14400 train loss: 0.0041 Acc: 0.9375
iteration  14600 train loss: 0.0078 Acc: 0.9062
iteration  14800 train loss: 0.0020 Acc: 1.0000
iteration  15000 train loss: 0.0029 Acc: 0.9375
iteration  15200 train loss: 0.0043 Acc: 0.9688
iteration  15400 train loss: 0.0019 Acc: 1.0000
epoch 6 use 0:20:49.972734
epoch train loss: 0.0037 Acc: 0.9544
epoch val loss: 0.0261 Acc: 0.7673 

Epoch 7/20
====================
iteration  15600 train loss: 0.0006 Acc: 1.0000
iteration  15800 train loss: 0.0008 Acc: 1.0000
iteration  16000 train loss: 0.0050 Acc: 0.9688
iteration  16200 train loss: 0.0014 Acc: 1.0000
iteration  16400 train loss: 0.0023 Acc: 0.9375
iteration  16600 train loss: 0.0024 Acc: 0.9688
iteration  16800 train loss: 0.0011 Acc: 1.0000
iteration  17000 train loss: 0.0016 Acc: 1.0000
iteration  17200 train loss: 0.0050 Acc: 0.9688
iteration  17400 train loss: 0.0080 Acc: 0.9062
iteration  17600 train loss: 0.0021 Acc: 0.9688
iteration  17800 train loss: 0.0039 Acc: 0.9375
iteration  18000 train loss: 0.0054 Acc: 0.9062
epoch 7 use 0:20:47.183106
epoch train loss: 0.0025 Acc: 0.9692
epoch val loss: 0.0246 Acc: 0.7789 

Epoch 8/20
====================
iteration  18200 train loss: 0.0008 Acc: 1.0000
iteration  18400 train loss: 0.0007 Acc: 1.0000
iteration  18600 train loss: 0.0019 Acc: 0.9688
iteration  18800 train loss: 0.0005 Acc: 1.0000
iteration  19000 train loss: 0.0013 Acc: 1.0000
iteration  19200 train loss: 0.0064 Acc: 0.9688
iteration  19400 train loss: 0.0017 Acc: 0.9688
iteration  19600 train loss: 0.0005 Acc: 1.0000
iteration  19800 train loss: 0.0009 Acc: 0.9688
iteration  20000 train loss: 0.0003 Acc: 1.0000
iteration  20200 train loss: 0.0009 Acc: 1.0000
iteration  20400 train loss: 0.0033 Acc: 0.9062
iteration  20600 train loss: 0.0029 Acc: 0.9688
epoch 8 use 0:20:53.659326
epoch train loss: 0.0020 Acc: 0.9759
epoch val loss: 0.0269 Acc: 0.7749 

Epoch 9/20
====================
iteration  20800 train loss: 0.0004 Acc: 1.0000
iteration  21000 train loss: 0.0003 Acc: 1.0000
iteration  21200 train loss: 0.0007 Acc: 1.0000
iteration  21400 train loss: 0.0009 Acc: 1.0000
iteration  21600 train loss: 0.0003 Acc: 1.0000
iteration  21800 train loss: 0.0056 Acc: 0.9375
iteration  22000 train loss: 0.0015 Acc: 0.9688
iteration  22200 train loss: 0.0007 Acc: 1.0000
iteration  22400 train loss: 0.0089 Acc: 0.9062
iteration  22600 train loss: 0.0003 Acc: 1.0000
iteration  22800 train loss: 0.0004 Acc: 1.0000
iteration  23000 train loss: 0.0031 Acc: 0.9688
iteration  23200 train loss: 0.0001 Acc: 1.0000
epoch 9 use 0:20:39.888642
epoch train loss: 0.0017 Acc: 0.9794
epoch val loss: 0.0303 Acc: 0.7735 

Epoch 10/20
====================
iteration  23400 train loss: 0.0035 Acc: 0.9375
iteration  23600 train loss: 0.0009 Acc: 0.9688
iteration  23800 train loss: 0.0001 Acc: 1.0000
iteration  24000 train loss: 0.0003 Acc: 1.0000
iteration  24200 train loss: 0.0050 Acc: 0.9375
iteration  24400 train loss: 0.0023 Acc: 0.9688
iteration  24600 train loss: 0.0003 Acc: 1.0000
iteration  24800 train loss: 0.0004 Acc: 1.0000
iteration  25000 train loss: 0.0005 Acc: 1.0000
iteration  25200 train loss: 0.0030 Acc: 0.9688
iteration  25400 train loss: 0.0013 Acc: 1.0000
iteration  25600 train loss: 0.0006 Acc: 1.0000
iteration  25800 train loss: 0.0017 Acc: 0.9688
epoch 10 use 0:20:29.626121
epoch train loss: 0.0015 Acc: 0.9824
epoch val loss: 0.0321 Acc: 0.7837 

Epoch 11/20
====================
iteration  26000 train loss: 0.0000 Acc: 1.0000
iteration  26200 train loss: 0.0002 Acc: 1.0000
iteration  26400 train loss: 0.0004 Acc: 1.0000
iteration  26600 train loss: 0.0000 Acc: 1.0000
iteration  26800 train loss: 0.0001 Acc: 1.0000
iteration  27000 train loss: 0.0001 Acc: 1.0000
iteration  27200 train loss: 0.0000 Acc: 1.0000
iteration  27400 train loss: 0.0014 Acc: 0.9688
iteration  27600 train loss: 0.0010 Acc: 0.9688
iteration  27800 train loss: 0.0001 Acc: 1.0000
iteration  28000 train loss: 0.0000 Acc: 1.0000
iteration  28200 train loss: 0.0000 Acc: 1.0000
iteration  28400 train loss: 0.0000 Acc: 1.0000
epoch 11 use 0:20:32.705431
epoch train loss: 0.0006 Acc: 0.9930
epoch val loss: 0.0372 Acc: 0.7778 

Epoch 12/20
====================
iteration  28600 train loss: 0.0004 Acc: 1.0000
iteration  28800 train loss: 0.0001 Acc: 1.0000
iteration  29000 train loss: 0.0010 Acc: 0.9688
iteration  29200 train loss: 0.0001 Acc: 1.0000
iteration  29400 train loss: 0.0000 Acc: 1.0000
iteration  29600 train loss: 0.0000 Acc: 1.0000
iteration  29800 train loss: 0.0054 Acc: 0.9688
iteration  30000 train loss: 0.0057 Acc: 0.9375
iteration  30200 train loss: 0.0008 Acc: 0.9688
iteration  30400 train loss: 0.0002 Acc: 1.0000
iteration  30600 train loss: 0.0000 Acc: 1.0000
iteration  30800 train loss: 0.0000 Acc: 1.0000
iteration  31000 train loss: 0.0000 Acc: 1.0000
epoch 12 use 0:20:04.359305
epoch train loss: 0.0005 Acc: 0.9944
epoch val loss: 0.0441 Acc: 0.7810 

Epoch 13/20
====================
iteration  31200 train loss: 0.0001 Acc: 1.0000
iteration  31400 train loss: 0.0003 Acc: 1.0000
iteration  31600 train loss: 0.0001 Acc: 1.0000
iteration  31800 train loss: 0.0001 Acc: 1.0000
iteration  32000 train loss: 0.0000 Acc: 1.0000
iteration  32200 train loss: 0.0002 Acc: 1.0000
iteration  32400 train loss: 0.0008 Acc: 1.0000
iteration  32600 train loss: 0.0001 Acc: 1.0000
iteration  32800 train loss: 0.0001 Acc: 1.0000
iteration  33000 train loss: 0.0000 Acc: 1.0000
iteration  33200 train loss: 0.0000 Acc: 1.0000
iteration  33400 train loss: 0.0001 Acc: 1.0000
iteration  33600 train loss: 0.0003 Acc: 1.0000
epoch 13 use 0:20:02.467739
epoch train loss: 0.0005 Acc: 0.9947
epoch val loss: 0.0409 Acc: 0.7743 

Epoch 14/20
====================
iteration  33800 train loss: 0.0000 Acc: 1.0000
iteration  34000 train loss: 0.0002 Acc: 1.0000
iteration  34200 train loss: 0.0000 Acc: 1.0000
iteration  34400 train loss: 0.0001 Acc: 1.0000
iteration  34600 train loss: 0.0001 Acc: 1.0000
iteration  34800 train loss: 0.0003 Acc: 1.0000
iteration  35000 train loss: 0.0002 Acc: 1.0000
iteration  35200 train loss: 0.0002 Acc: 1.0000
iteration  35400 train loss: 0.0000 Acc: 1.0000
iteration  35600 train loss: 0.0000 Acc: 1.0000
iteration  35800 train loss: 0.0004 Acc: 1.0000
iteration  36000 train loss: 0.0000 Acc: 1.0000
iteration  36200 train loss: 0.0010 Acc: 0.9688
epoch 14 use 0:20:03.468578
epoch train loss: 0.0004 Acc: 0.9956
epoch val loss: 0.0480 Acc: 0.7737 

Epoch 15/20
====================
iteration  36400 train loss: 0.0001 Acc: 1.0000
iteration  36600 train loss: 0.0001 Acc: 1.0000
iteration  36800 train loss: 0.0003 Acc: 1.0000
iteration  37000 train loss: 0.0002 Acc: 1.0000
iteration  37200 train loss: 0.0000 Acc: 1.0000
iteration  37400 train loss: 0.0000 Acc: 1.0000
iteration  37600 train loss: 0.0000 Acc: 1.0000
iteration  37800 train loss: 0.0000 Acc: 1.0000
iteration  38000 train loss: 0.0009 Acc: 0.9688
iteration  38200 train loss: 0.0002 Acc: 1.0000
iteration  38400 train loss: 0.0000 Acc: 1.0000
iteration  38600 train loss: 0.0000 Acc: 1.0000
iteration  38800 train loss: 0.0001 Acc: 1.0000
epoch 15 use 0:20:00.183141
epoch train loss: 0.0004 Acc: 0.9953
epoch val loss: 0.0430 Acc: 0.7858 

Epoch 16/20
====================
iteration  39000 train loss: 0.0000 Acc: 1.0000
iteration  39200 train loss: 0.0001 Acc: 1.0000
iteration  39400 train loss: 0.0000 Acc: 1.0000
iteration  39600 train loss: 0.0000 Acc: 1.0000
iteration  39800 train loss: 0.0000 Acc: 1.0000
iteration  40000 train loss: 0.0002 Acc: 1.0000
iteration  40200 train loss: 0.0000 Acc: 1.0000
iteration  40400 train loss: 0.0002 Acc: 1.0000
iteration  40600 train loss: 0.0000 Acc: 1.0000
iteration  40800 train loss: 0.0006 Acc: 1.0000
iteration  41000 train loss: 0.0000 Acc: 1.0000
iteration  41200 train loss: 0.0000 Acc: 1.0000
iteration  41400 train loss: 0.0001 Acc: 1.0000
epoch 16 use 0:20:47.372655
epoch train loss: 0.0002 Acc: 0.9980
epoch val loss: 0.0478 Acc: 0.7796 

Epoch 17/20
====================
iteration  41600 train loss: 0.0000 Acc: 1.0000
iteration  41800 train loss: 0.0000 Acc: 1.0000
iteration  42000 train loss: 0.0000 Acc: 1.0000
iteration  42200 train loss: 0.0000 Acc: 1.0000
iteration  42400 train loss: 0.0001 Acc: 1.0000
iteration  42600 train loss: 0.0000 Acc: 1.0000
iteration  42800 train loss: 0.0000 Acc: 1.0000
iteration  43000 train loss: 0.0000 Acc: 1.0000
iteration  43200 train loss: 0.0000 Acc: 1.0000
iteration  43400 train loss: 0.0000 Acc: 1.0000
iteration  43600 train loss: 0.0000 Acc: 1.0000
iteration  43800 train loss: 0.0001 Acc: 1.0000
iteration  44000 train loss: 0.0003 Acc: 1.0000
epoch 17 use 0:20:53.444732
epoch train loss: 0.0001 Acc: 0.9988
epoch val loss: 0.0517 Acc: 0.7793 

Epoch 18/20
====================
iteration  44200 train loss: 0.0000 Acc: 1.0000
iteration  44400 train loss: 0.0000 Acc: 1.0000
iteration  44600 train loss: 0.0002 Acc: 1.0000
iteration  44800 train loss: 0.0000 Acc: 1.0000
iteration  45000 train loss: 0.0000 Acc: 1.0000
iteration  45200 train loss: 0.0005 Acc: 1.0000
iteration  45400 train loss: 0.0000 Acc: 1.0000
iteration  45600 train loss: 0.0000 Acc: 1.0000
iteration  45800 train loss: 0.0014 Acc: 0.9688
iteration  46000 train loss: 0.0006 Acc: 1.0000
iteration  46200 train loss: 0.0000 Acc: 1.0000
iteration  46400 train loss: 0.0000 Acc: 1.0000
iteration  46600 train loss: 0.0000 Acc: 1.0000
epoch 18 use 0:20:49.127527
epoch train loss: 0.0001 Acc: 0.9983
epoch val loss: 0.0510 Acc: 0.7824 

Epoch 19/20
====================
iteration  46800 train loss: 0.0000 Acc: 1.0000
iteration  47000 train loss: 0.0000 Acc: 1.0000
iteration  47200 train loss: 0.0000 Acc: 1.0000
iteration  47400 train loss: 0.0000 Acc: 1.0000
iteration  47600 train loss: 0.0001 Acc: 1.0000
iteration  47800 train loss: 0.0000 Acc: 1.0000
iteration  48000 train loss: 0.0000 Acc: 1.0000
iteration  48200 train loss: 0.0000 Acc: 1.0000
iteration  48400 train loss: 0.0000 Acc: 1.0000
iteration  48600 train loss: 0.0000 Acc: 1.0000
iteration  48800 train loss: 0.0000 Acc: 1.0000
iteration  49000 train loss: 0.0000 Acc: 1.0000
iteration  49200 train loss: 0.0000 Acc: 1.0000
epoch 19 use 0:22:21.731551
epoch train loss: 0.0001 Acc: 0.9987
epoch val loss: 0.0482 Acc: 0.7814 

Epoch 20/20
====================
iteration  49400 train loss: 0.0000 Acc: 1.0000
iteration  49600 train loss: 0.0001 Acc: 1.0000
iteration  49800 train loss: 0.0000 Acc: 1.0000
iteration  50000 train loss: 0.0003 Acc: 1.0000
iteration  50200 train loss: 0.0000 Acc: 1.0000
iteration  50400 train loss: 0.0000 Acc: 1.0000
iteration  50600 train loss: 0.0000 Acc: 1.0000
iteration  50800 train loss: 0.0004 Acc: 1.0000
iteration  51000 train loss: 0.0000 Acc: 1.0000
iteration  51200 train loss: 0.0000 Acc: 1.0000
iteration  51400 train loss: 0.0001 Acc: 1.0000
iteration  51600 train loss: 0.0000 Acc: 1.0000
iteration  51800 train loss: 0.0000 Acc: 1.0000
epoch 20 use 0:20:49.180595
epoch train loss: 0.0001 Acc: 0.9987
epoch val loss: 0.0522 Acc: 0.7845 

Best val Acc: 0.7858 

train+test.py:151: UserWarning: Implicit dimension choice for softmax has been deprecated. Change the call to include dim=X as an argument.
  logits = nn.functional.softmax(outputs)  # 预测结果的概率形式
Test iteration 400.0000 Acc: 0.6562
Test Acc: 0.7822 Preds AUC: 0.7757 Prods AUC: 0.8638
job end
