job begin
Using dropout 0.5
Epoch 1/20
----------
iteration 20 train loss: 0.0216 Acc: 0.5938
iteration 40 train loss: 0.0214 Acc: 0.5625
iteration 60 train loss: 0.0246 Acc: 0.5312
iteration 80 train loss: 0.0213 Acc: 0.6250
iteration 100 train loss: 0.0204 Acc: 0.6875
iteration 120 train loss: 0.0150 Acc: 0.7500
iteration 140 train loss: 0.0166 Acc: 0.7812
iteration 160 train loss: 0.0168 Acc: 0.6875
iteration 180 train loss: 0.0168 Acc: 0.6562
iteration 200 train loss: 0.0192 Acc: 0.7500
iteration 220 train loss: 0.0176 Acc: 0.6875
iteration 240 train loss: 0.0161 Acc: 0.7500
iteration 260 train loss: 0.0236 Acc: 0.5312
iteration 280 train loss: 0.0113 Acc: 0.8125
iteration 300 train loss: 0.0106 Acc: 0.8438
iteration 320 train loss: 0.0158 Acc: 0.8125
iteration 340 train loss: 0.0142 Acc: 0.8125
iteration 360 train loss: 0.0113 Acc: 0.7812
iteration 380 train loss: 0.0139 Acc: 0.7812
iteration 400 train loss: 0.0090 Acc: 0.9375
iteration 420 train loss: 0.0148 Acc: 0.8125
iteration 440 train loss: 0.0105 Acc: 0.9062
iteration 460 train loss: 0.0240 Acc: 0.7188
iteration 480 train loss: 0.0065 Acc: 0.9062
iteration 500 train loss: 0.0119 Acc: 0.8438
iteration 520 train loss: 0.0125 Acc: 0.8438
iteration 540 train loss: 0.0070 Acc: 0.8750
iteration 560 train loss: 0.0077 Acc: 0.9375
iteration 580 train loss: 0.0100 Acc: 0.8750
iteration 600 train loss: 0.0077 Acc: 0.9375
iteration 620 train loss: 0.0043 Acc: 0.9688
iteration 640 train loss: 0.0060 Acc: 0.9375
iteration 660 train loss: 0.0096 Acc: 0.8750
iteration 680 train loss: 0.0192 Acc: 0.8125
iteration 700 train loss: 0.0160 Acc: 0.9062
iteration 720 train loss: 0.0069 Acc: 0.9062
iteration 740 train loss: 0.0050 Acc: 0.9375
iteration 760 train loss: 0.0065 Acc: 0.9062
iteration 780 train loss: 0.0030 Acc: 0.9688
iteration 800 train loss: 0.0059 Acc: 0.9375
iteration 820 train loss: 0.0048 Acc: 0.9688
iteration 840 train loss: 0.0049 Acc: 0.9062
iteration 860 train loss: 0.0055 Acc: 0.9062
iteration 880 train loss: 0.0057 Acc: 0.9688
iteration 900 train loss: 0.0027 Acc: 0.9375
iteration 920 train loss: 0.0072 Acc: 0.9062
iteration 940 train loss: 0.0069 Acc: 0.8750
iteration 960 train loss: 0.0096 Acc: 0.9062
iteration 980 train loss: 0.0035 Acc: 0.9062
iteration 1000 train loss: 0.0014 Acc: 1.0000
iteration 1020 train loss: 0.0069 Acc: 0.8438
iteration 1040 train loss: 0.0026 Acc: 0.9688
iteration 1060 train loss: 0.0016 Acc: 0.9688
iteration 1080 train loss: 0.0035 Acc: 0.9375
iteration 1100 train loss: 0.0025 Acc: 0.9688
iteration 1120 train loss: 0.0126 Acc: 0.8438
iteration 1140 train loss: 0.0033 Acc: 0.9688
iteration 1160 train loss: 0.0051 Acc: 0.9375
iteration 1180 train loss: 0.0031 Acc: 0.9375
iteration 1200 train loss: 0.0025 Acc: 0.9688
iteration 1220 train loss: 0.0033 Acc: 0.9688
iteration 1240 train loss: 0.0015 Acc: 0.9688
iteration 1260 train loss: 0.0009 Acc: 1.0000
iteration 1280 train loss: 0.0037 Acc: 0.9688
iteration 1300 train loss: 0.0027 Acc: 0.9688
iteration 1320 train loss: 0.0030 Acc: 0.9688
iteration 1340 train loss: 0.0044 Acc: 0.9375
iteration 1360 train loss: 0.0029 Acc: 0.9688
iteration 1380 train loss: 0.0050 Acc: 0.9062
iteration 1400 train loss: 0.0020 Acc: 0.9688
iteration 1420 train loss: 0.0046 Acc: 0.9375
iteration 1440 train loss: 0.0026 Acc: 0.9688
iteration 1460 train loss: 0.0017 Acc: 1.0000
iteration 1480 train loss: 0.0149 Acc: 0.9062
iteration 1500 train loss: 0.0023 Acc: 0.9375
iteration 1520 train loss: 0.0061 Acc: 0.9375
iteration 1540 train loss: 0.0022 Acc: 0.9375
iteration 1560 train loss: 0.0042 Acc: 0.9375
iteration 1580 train loss: 0.0087 Acc: 0.9062
iteration 1600 train loss: 0.0072 Acc: 0.9375
iteration 1620 train loss: 0.0045 Acc: 0.9688
iteration 1640 train loss: 0.0050 Acc: 0.9688
iteration 1660 train loss: 0.0072 Acc: 0.9375
iteration 1680 train loss: 0.0012 Acc: 0.9688
iteration 1700 train loss: 0.0012 Acc: 1.0000
iteration 1720 train loss: 0.0021 Acc: 0.9688
iteration 1740 train loss: 0.0021 Acc: 0.9375
iteration 1760 train loss: 0.0024 Acc: 1.0000
iteration 1780 train loss: 0.0009 Acc: 1.0000
iteration 1800 train loss: 0.0053 Acc: 0.9375
iteration 1820 train loss: 0.0053 Acc: 0.9688
iteration 1840 train loss: 0.0061 Acc: 0.9375
iteration 1860 train loss: 0.0016 Acc: 1.0000
iteration 1880 train loss: 0.0007 Acc: 1.0000
iteration 1900 train loss: 0.0035 Acc: 0.9688
iteration 1920 train loss: 0.0013 Acc: 1.0000
iteration 1940 train loss: 0.0119 Acc: 0.8750
iteration 1960 train loss: 0.0015 Acc: 0.9688
iteration 1980 train loss: 0.0008 Acc: 1.0000
iteration 2000 train loss: 0.0031 Acc: 0.9375
iteration 2020 train loss: 0.0183 Acc: 0.8438
iteration 2040 train loss: 0.0061 Acc: 0.9375
iteration 2060 train loss: 0.0011 Acc: 1.0000
iteration 2080 train loss: 0.0027 Acc: 0.9688
iteration 2100 train loss: 0.0022 Acc: 0.9375
iteration 2120 train loss: 0.0023 Acc: 0.9688
iteration 2140 train loss: 0.0002 Acc: 1.0000
iteration 2160 train loss: 0.0047 Acc: 0.9688
iteration 2180 train loss: 0.0056 Acc: 0.9375
iteration 2200 train loss: 0.0038 Acc: 0.9688
iteration 2220 train loss: 0.0049 Acc: 0.9688
iteration 2240 train loss: 0.0009 Acc: 1.0000
iteration 2260 train loss: 0.0024 Acc: 0.9688
iteration 2280 train loss: 0.0027 Acc: 0.9375
iteration 2300 train loss: 0.0010 Acc: 1.0000
iteration 2320 train loss: 0.0013 Acc: 1.0000
iteration 2340 train loss: 0.0025 Acc: 0.9375
iteration 2360 train loss: 0.0011 Acc: 0.9688
iteration 2380 train loss: 0.0004 Acc: 1.0000
iteration 2400 train loss: 0.0015 Acc: 1.0000
iteration 2420 train loss: 0.0022 Acc: 0.9688
iteration 2440 train loss: 0.0009 Acc: 1.0000
iteration 2460 train loss: 0.0009 Acc: 1.0000
iteration 2480 train loss: 0.0007 Acc: 1.0000
iteration 2500 train loss: 0.0066 Acc: 0.9375
iteration 2520 train loss: 0.0027 Acc: 0.9688
iteration 2540 train loss: 0.0014 Acc: 0.9688
iteration 2560 train loss: 0.0011 Acc: 1.0000
iteration 2580 train loss: 0.0062 Acc: 0.9062
iteration 2600 train loss: 0.0010 Acc: 1.0000
iteration 2620 train loss: 0.0023 Acc: 0.9688
iteration 2640 train loss: 0.0001 Acc: 1.0000
iteration 2660 train loss: 0.0010 Acc: 1.0000
iteration 2680 train loss: 0.0013 Acc: 0.9688
iteration 2700 train loss: 0.0003 Acc: 1.0000
iteration 2720 train loss: 0.0012 Acc: 0.9688
iteration 2740 train loss: 0.0043 Acc: 0.9688
iteration 2760 train loss: 0.0007 Acc: 1.0000
iteration 2780 train loss: 0.0011 Acc: 0.9688
iteration 2800 train loss: 0.0008 Acc: 1.0000
iteration 2820 train loss: 0.0013 Acc: 0.9688
iteration 2840 train loss: 0.0001 Acc: 1.0000
iteration 2860 train loss: 0.0025 Acc: 0.9688
iteration 2880 train loss: 0.0007 Acc: 1.0000
iteration 2900 train loss: 0.0038 Acc: 0.9688
iteration 2920 train loss: 0.0059 Acc: 0.9375
iteration 2940 train loss: 0.0063 Acc: 0.8750
iteration 2960 train loss: 0.0014 Acc: 1.0000
iteration 2980 train loss: 0.0012 Acc: 0.9688
iteration 3000 train loss: 0.0026 Acc: 0.9688
iteration 3020 train loss: 0.0003 Acc: 1.0000
iteration 3040 train loss: 0.0007 Acc: 1.0000
iteration 3060 train loss: 0.0031 Acc: 0.9375
iteration 3080 train loss: 0.0006 Acc: 1.0000
iteration 3100 train loss: 0.0031 Acc: 0.9688
iteration 3120 train loss: 0.0035 Acc: 0.9375
iteration 3140 train loss: 0.0001 Acc: 1.0000
iteration 3160 train loss: 0.0015 Acc: 0.9688
iteration 3180 train loss: 0.0038 Acc: 0.9688
iteration 3200 train loss: 0.0001 Acc: 1.0000
iteration 3220 train loss: 0.0017 Acc: 0.9688
iteration 3240 train loss: 0.0008 Acc: 1.0000
iteration 3260 train loss: 0.0031 Acc: 0.9688
iteration 3280 train loss: 0.0009 Acc: 1.0000
iteration 3300 train loss: 0.0003 Acc: 1.0000
iteration 3320 train loss: 0.0010 Acc: 1.0000
iteration 3340 train loss: 0.0026 Acc: 0.9375
iteration 3360 train loss: 0.0010 Acc: 1.0000
iteration 3380 train loss: 0.0003 Acc: 1.0000
iteration 3400 train loss: 0.0001 Acc: 1.0000
iteration 3420 train loss: 0.0010 Acc: 1.0000
iteration 3440 train loss: 0.0014 Acc: 0.9688
iteration 3460 train loss: 0.0002 Acc: 1.0000
iteration 3480 train loss: 0.0029 Acc: 0.9688
iteration 3500 train loss: 0.0013 Acc: 0.9688
iteration 3520 train loss: 0.0002 Acc: 1.0000
iteration 3540 train loss: 0.0003 Acc: 1.0000
iteration 3560 train loss: 0.0007 Acc: 1.0000
iteration 3580 train loss: 0.0002 Acc: 1.0000
iteration 3600 train loss: 0.0008 Acc: 1.0000
iteration 3620 train loss: 0.0008 Acc: 1.0000
iteration 3640 train loss: 0.0007 Acc: 1.0000
iteration 3660 train loss: 0.0003 Acc: 1.0000
iteration 3680 train loss: 0.0002 Acc: 1.0000
iteration 3700 train loss: 0.0060 Acc: 0.9688
iteration 3720 train loss: 0.0025 Acc: 0.9688
iteration 3740 train loss: 0.0008 Acc: 1.0000
iteration 3760 train loss: 0.0010 Acc: 0.9688
iteration 3780 train loss: 0.0004 Acc: 1.0000
iteration 3800 train loss: 0.0001 Acc: 1.0000
iteration 3820 train loss: 0.0003 Acc: 1.0000
iteration 3840 train loss: 0.0024 Acc: 0.9688
iteration 3860 train loss: 0.0009 Acc: 1.0000
iteration 3880 train loss: 0.0001 Acc: 1.0000
iteration 3900 train loss: 0.0048 Acc: 0.9688
iteration 3920 train loss: 0.0014 Acc: 0.9688
iteration 3940 train loss: 0.0005 Acc: 1.0000
iteration 3960 train loss: 0.0051 Acc: 0.9688
iteration 3980 train loss: 0.0066 Acc: 0.9688
iteration 4000 train loss: 0.0005 Acc: 1.0000
iteration 4020 train loss: 0.0002 Acc: 1.0000
iteration 4040 train loss: 0.0006 Acc: 1.0000
iteration 4060 train loss: 0.0004 Acc: 1.0000
iteration 4080 train loss: 0.0008 Acc: 1.0000
iteration 4100 train loss: 0.0002 Acc: 1.0000
iteration 4120 train loss: 0.0077 Acc: 0.9375
iteration 4140 train loss: 0.0001 Acc: 1.0000
iteration 4160 train loss: 0.0009 Acc: 0.9688
iteration 4180 train loss: 0.0010 Acc: 1.0000
iteration 4200 train loss: 0.0001 Acc: 1.0000
iteration 4220 train loss: 0.0000 Acc: 1.0000
iteration 4240 train loss: 0.0047 Acc: 0.9688
iteration 4260 train loss: 0.0001 Acc: 1.0000
iteration 4280 train loss: 0.0008 Acc: 1.0000
iteration 4300 train loss: 0.0021 Acc: 0.9688
iteration 4320 train loss: 0.0009 Acc: 0.9688
iteration 4340 train loss: 0.0002 Acc: 1.0000
iteration 4360 train loss: 0.0018 Acc: 1.0000
iteration 4380 train loss: 0.0017 Acc: 0.9688
iteration 4400 train loss: 0.0023 Acc: 0.9688
iteration 4420 train loss: 0.0004 Acc: 1.0000
iteration 4440 train loss: 0.0005 Acc: 1.0000
iteration 4460 train loss: 0.0029 Acc: 0.9688
iteration 4480 train loss: 0.0019 Acc: 0.9688
iteration 4500 train loss: 0.0000 Acc: 1.0000
iteration 4520 train loss: 0.0009 Acc: 0.9688
iteration 4540 train loss: 0.0000 Acc: 1.0000
iteration 4560 train loss: 0.0006 Acc: 1.0000
iteration 4580 train loss: 0.0009 Acc: 0.9688
iteration 4600 train loss: 0.0016 Acc: 0.9688
iteration 4620 train loss: 0.0021 Acc: 0.9375
iteration 4640 train loss: 0.0001 Acc: 1.0000
iteration 4660 train loss: 0.0065 Acc: 0.9688
iteration 4680 train loss: 0.0006 Acc: 1.0000
iteration 4700 train loss: 0.0034 Acc: 0.9688
iteration 4720 train loss: 0.0002 Acc: 1.0000
iteration 4740 train loss: 0.0002 Acc: 1.0000
iteration 4760 train loss: 0.0005 Acc: 1.0000
iteration 4780 train loss: 0.0004 Acc: 1.0000
iteration 4800 train loss: 0.0002 Acc: 1.0000
iteration 4820 train loss: 0.0001 Acc: 1.0000
iteration 4840 train loss: 0.0019 Acc: 0.9688
iteration 4860 train loss: 0.0017 Acc: 0.9688
iteration 4880 train loss: 0.0007 Acc: 1.0000
iteration 4900 train loss: 0.0004 Acc: 1.0000
iteration 4920 train loss: 0.0002 Acc: 1.0000
iteration 4940 train loss: 0.0002 Acc: 1.0000
iteration 4960 train loss: 0.0001 Acc: 1.0000
iteration 4980 train loss: 0.0011 Acc: 0.9688
iteration 5000 train loss: 0.0016 Acc: 0.9688
iteration 5020 train loss: 0.0010 Acc: 0.9688
iteration 5040 train loss: 0.0007 Acc: 1.0000
iteration 5060 train loss: 0.0002 Acc: 1.0000
iteration 5080 train loss: 0.0073 Acc: 0.9375
iteration 5100 train loss: 0.0004 Acc: 1.0000
iteration 5120 train loss: 0.0012 Acc: 1.0000
iteration 5140 train loss: 0.0001 Acc: 1.0000
iteration 5160 train loss: 0.0010 Acc: 0.9688
iteration 5180 train loss: 0.0005 Acc: 1.0000
iteration 5200 train loss: 0.0016 Acc: 0.9688
iteration 5220 train loss: 0.0027 Acc: 0.9375
iteration 5240 train loss: 0.0002 Acc: 1.0000
iteration 5260 train loss: 0.0010 Acc: 0.9688
iteration 5280 train loss: 0.0014 Acc: 0.9688
iteration 5300 train loss: 0.0008 Acc: 0.9688
iteration 5320 train loss: 0.0049 Acc: 0.9688
iteration 5340 train loss: 0.0002 Acc: 1.0000
iteration 5360 train loss: 0.0001 Acc: 1.0000
iteration 5380 train loss: 0.0003 Acc: 1.0000
iteration 5400 train loss: 0.0016 Acc: 0.9688
iteration 5420 train loss: 0.0083 Acc: 0.9062
iteration 5440 train loss: 0.0006 Acc: 1.0000
iteration 5460 train loss: 0.0014 Acc: 0.9688
iteration 5480 train loss: 0.0005 Acc: 1.0000
iteration 5500 train loss: 0.0023 Acc: 0.9375
iteration 5520 train loss: 0.0013 Acc: 0.9688
iteration 5540 train loss: 0.0014 Acc: 0.9688
iteration 5560 train loss: 0.0002 Acc: 1.0000
iteration 5580 train loss: 0.0008 Acc: 0.9688
iteration 5600 train loss: 0.0010 Acc: 0.9688
iteration 5620 train loss: 0.0099 Acc: 0.8750
iteration 5640 train loss: 0.0002 Acc: 1.0000
iteration 5660 train loss: 0.0015 Acc: 0.9688
iteration 5680 train loss: 0.0001 Acc: 1.0000
iteration 5700 train loss: 0.0001 Acc: 1.0000
iteration 5720 train loss: 0.0001 Acc: 1.0000
iteration 5740 train loss: 0.0005 Acc: 1.0000
iteration 5760 train loss: 0.0003 Acc: 1.0000
iteration 5780 train loss: 0.0001 Acc: 1.0000
iteration 5800 train loss: 0.0006 Acc: 1.0000
iteration 5820 train loss: 0.0007 Acc: 1.0000
iteration 5840 train loss: 0.0000 Acc: 1.0000
iteration 5860 train loss: 0.0014 Acc: 0.9688
iteration 5880 train loss: 0.0013 Acc: 0.9688
iteration 5900 train loss: 0.0035 Acc: 0.9062
iteration 5920 train loss: 0.0001 Acc: 1.0000
iteration 5940 train loss: 0.0001 Acc: 1.0000
iteration 5960 train loss: 0.0002 Acc: 1.0000
iteration 5980 train loss: 0.0000 Acc: 1.0000
iteration 6000 train loss: 0.0002 Acc: 1.0000
iteration 6020 train loss: 0.0007 Acc: 1.0000
iteration 6040 train loss: 0.0002 Acc: 1.0000
iteration 6060 train loss: 0.0001 Acc: 1.0000
iteration 6080 train loss: 0.0000 Acc: 1.0000
iteration 6100 train loss: 0.0002 Acc: 1.0000
iteration 6120 train loss: 0.0000 Acc: 1.0000
iteration 6140 train loss: 0.0001 Acc: 1.0000
iteration 6160 train loss: 0.0000 Acc: 1.0000
iteration 6180 train loss: 0.0019 Acc: 0.9688
iteration 6200 train loss: 0.0003 Acc: 1.0000
iteration 6220 train loss: 0.0000 Acc: 1.0000
iteration 6240 train loss: 0.0033 Acc: 0.9688
iteration 6260 train loss: 0.0033 Acc: 0.9062
iteration 6280 train loss: 0.0001 Acc: 1.0000
iteration 6300 train loss: 0.0013 Acc: 0.9688
iteration 6320 train loss: 0.0001 Acc: 1.0000
iteration 6340 train loss: 0.0052 Acc: 0.9688
iteration 6360 train loss: 0.0002 Acc: 1.0000
iteration 6380 train loss: 0.0034 Acc: 0.9688
iteration 6400 train loss: 0.0007 Acc: 1.0000
iteration 6420 train loss: 0.0000 Acc: 1.0000
iteration 6440 train loss: 0.0011 Acc: 0.9688
iteration 6460 train loss: 0.0001 Acc: 1.0000
iteration 6480 train loss: 0.0010 Acc: 0.9688
iteration 6500 train loss: 0.0008 Acc: 0.9688
iteration 6520 train loss: 0.0032 Acc: 0.9688
iteration 6540 train loss: 0.0000 Acc: 1.0000
iteration 6560 train loss: 0.0006 Acc: 1.0000
iteration 6580 train loss: 0.0003 Acc: 1.0000
iteration 6600 train loss: 0.0004 Acc: 1.0000
iteration 6620 train loss: 0.0049 Acc: 0.9688
iteration 6640 train loss: 0.0009 Acc: 0.9688
iteration 6660 train loss: 0.0004 Acc: 1.0000
iteration 6680 train loss: 0.0093 Acc: 0.9688
iteration 6700 train loss: 0.0026 Acc: 0.9375
iteration 6720 train loss: 0.0001 Acc: 1.0000
iteration 6740 train loss: 0.0001 Acc: 1.0000
iteration 6760 train loss: 0.0011 Acc: 0.9688
iteration 6780 train loss: 0.0028 Acc: 0.9688
iteration 6800 train loss: 0.0003 Acc: 1.0000
iteration 6820 train loss: 0.0068 Acc: 0.9688
iteration 6840 train loss: 0.0002 Acc: 1.0000
iteration 6860 train loss: 0.0008 Acc: 0.9688
iteration 6880 train loss: 0.0001 Acc: 1.0000
iteration 6900 train loss: 0.0002 Acc: 1.0000
iteration 6920 train loss: 0.0001 Acc: 1.0000
iteration 6940 train loss: 0.0001 Acc: 1.0000
iteration 6960 train loss: 0.0000 Acc: 1.0000
iteration 6980 train loss: 0.0010 Acc: 0.9688
iteration 7000 train loss: 0.0063 Acc: 0.9375
iteration 7020 train loss: 0.0001 Acc: 1.0000
iteration 7040 train loss: 0.0002 Acc: 1.0000
iteration 7060 train loss: 0.0009 Acc: 0.9688
iteration 7080 train loss: 0.0000 Acc: 1.0000
iteration 7100 train loss: 0.0054 Acc: 0.9688
iteration 7120 train loss: 0.0002 Acc: 1.0000
iteration 7140 train loss: 0.0028 Acc: 0.9375
iteration 7160 train loss: 0.0003 Acc: 1.0000
iteration 7180 train loss: 0.0002 Acc: 1.0000
iteration 7200 train loss: 0.0002 Acc: 1.0000
iteration 7220 train loss: 0.0016 Acc: 0.9688
iteration 7240 train loss: 0.0013 Acc: 0.9688
iteration 7260 train loss: 0.0000 Acc: 1.0000
iteration 7280 train loss: 0.0006 Acc: 1.0000
iteration 7300 train loss: 0.0004 Acc: 1.0000
iteration 7320 train loss: 0.0008 Acc: 1.0000
iteration 7340 train loss: 0.0001 Acc: 1.0000
iteration 7360 train loss: 0.0005 Acc: 1.0000
iteration 7380 train loss: 0.0004 Acc: 1.0000
iteration 7400 train loss: 0.0000 Acc: 1.0000
iteration 7420 train loss: 0.0002 Acc: 1.0000
iteration 7440 train loss: 0.0001 Acc: 1.0000
iteration 7460 train loss: 0.0001 Acc: 1.0000
iteration 7480 train loss: 0.0002 Acc: 1.0000
iteration 7500 train loss: 0.0000 Acc: 1.0000
iteration 7520 train loss: 0.0001 Acc: 1.0000
iteration 7540 train loss: 0.0009 Acc: 1.0000
iteration 7560 train loss: 0.0017 Acc: 0.9688
iteration 7580 train loss: 0.0001 Acc: 1.0000
iteration 7600 train loss: 0.0001 Acc: 1.0000
iteration 7620 train loss: 0.0000 Acc: 1.0000
iteration 7640 train loss: 0.0001 Acc: 1.0000
iteration 7660 train loss: 0.0000 Acc: 1.0000
iteration 7680 train loss: 0.0003 Acc: 1.0000
iteration 7700 train loss: 0.0001 Acc: 1.0000
iteration 7720 train loss: 0.0000 Acc: 1.0000
iteration 7740 train loss: 0.0002 Acc: 1.0000
iteration 7760 train loss: 0.0001 Acc: 1.0000
iteration 7780 train loss: 0.0000 Acc: 1.0000
iteration 7800 train loss: 0.0001 Acc: 1.0000
iteration 7820 train loss: 0.0003 Acc: 1.0000
iteration 7840 train loss: 0.0001 Acc: 1.0000
iteration 7860 train loss: 0.0027 Acc: 0.9688
iteration 7880 train loss: 0.0004 Acc: 1.0000
iteration 7900 train loss: 0.0003 Acc: 1.0000
iteration 7920 train loss: 0.0004 Acc: 1.0000
iteration 7940 train loss: 0.0005 Acc: 1.0000
iteration 7960 train loss: 0.0000 Acc: 1.0000
iteration 7980 train loss: 0.0003 Acc: 1.0000
iteration 8000 train loss: 0.0017 Acc: 0.9688
iteration 8020 train loss: 0.0012 Acc: 0.9688
iteration 8040 train loss: 0.0003 Acc: 1.0000
iteration 8060 train loss: 0.0002 Acc: 1.0000
iteration 8080 train loss: 0.0006 Acc: 1.0000
iteration 8100 train loss: 0.0001 Acc: 1.0000
iteration 8120 train loss: 0.0003 Acc: 1.0000
iteration 8140 train loss: 0.0017 Acc: 0.9688
iteration 8160 train loss: 0.0001 Acc: 1.0000
iteration 8180 train loss: 0.0008 Acc: 1.0000
iteration 8200 train loss: 0.0002 Acc: 1.0000
iteration 8220 train loss: 0.0001 Acc: 1.0000
iteration 8240 train loss: 0.0014 Acc: 1.0000
iteration 8260 train loss: 0.0002 Acc: 1.0000
iteration 8280 train loss: 0.0005 Acc: 1.0000
iteration 8300 train loss: 0.0000 Acc: 1.0000
iteration 8320 train loss: 0.0007 Acc: 1.0000
iteration 8340 train loss: 0.0018 Acc: 0.9688
iteration 8360 train loss: 0.0013 Acc: 0.9688
iteration 8380 train loss: 0.0012 Acc: 1.0000
iteration 8400 train loss: 0.0011 Acc: 0.9688
iteration 8420 train loss: 0.0002 Acc: 1.0000
iteration 8440 train loss: 0.0027 Acc: 0.9688
iteration 8460 train loss: 0.0001 Acc: 1.0000
iteration 8480 train loss: 0.0001 Acc: 1.0000
iteration 8500 train loss: 0.0001 Acc: 1.0000
iteration 8520 train loss: 0.0017 Acc: 0.9688
iteration 8540 train loss: 0.0002 Acc: 1.0000
iteration 8560 train loss: 0.0000 Acc: 1.0000
iteration 8580 train loss: 0.0001 Acc: 1.0000
iteration 8600 train loss: 0.0011 Acc: 1.0000
iteration 8620 train loss: 0.0002 Acc: 1.0000
iteration 8640 train loss: 0.0000 Acc: 1.0000
iteration 8660 train loss: 0.0000 Acc: 1.0000
iteration 8680 train loss: 0.0012 Acc: 0.9688
iteration 8700 train loss: 0.0004 Acc: 1.0000
iteration 8720 train loss: 0.0000 Acc: 1.0000
iteration 8740 train loss: 0.0003 Acc: 1.0000
iteration 8760 train loss: 0.0026 Acc: 0.9688
iteration 8780 train loss: 0.0001 Acc: 1.0000
iteration 8800 train loss: 0.0001 Acc: 1.0000
iteration 8820 train loss: 0.0012 Acc: 0.9688
iteration 8840 train loss: 0.0038 Acc: 0.9688
iteration 8860 train loss: 0.0008 Acc: 1.0000
iteration 8880 train loss: 0.0001 Acc: 1.0000
iteration 8900 train loss: 0.0001 Acc: 1.0000
iteration 8920 train loss: 0.0000 Acc: 1.0000
iteration 8940 train loss: 0.0000 Acc: 1.0000
iteration 8960 train loss: 0.0001 Acc: 1.0000
iteration 8980 train loss: 0.0015 Acc: 0.9688
iteration 9000 train loss: 0.0003 Acc: 1.0000
iteration 9020 train loss: 0.0000 Acc: 1.0000
iteration 9040 train loss: 0.0001 Acc: 1.0000
iteration 9060 train loss: 0.0005 Acc: 1.0000
iteration 9080 train loss: 0.0002 Acc: 1.0000
iteration 9100 train loss: 0.0000 Acc: 1.0000
iteration 9120 train loss: 0.0001 Acc: 1.0000
iteration 9140 train loss: 0.0005 Acc: 1.0000
iteration 9160 train loss: 0.0025 Acc: 0.9688
iteration 9180 train loss: 0.0000 Acc: 1.0000
iteration 9200 train loss: 0.0000 Acc: 1.0000
iteration 9220 train loss: 0.0011 Acc: 0.9688
iteration 9240 train loss: 0.0001 Acc: 1.0000
iteration 9260 train loss: 0.0010 Acc: 0.9688
iteration 9280 train loss: 0.0001 Acc: 1.0000
iteration 9300 train loss: 0.0004 Acc: 1.0000
iteration 9320 train loss: 0.0004 Acc: 1.0000
iteration 9340 train loss: 0.0003 Acc: 1.0000
iteration 9360 train loss: 0.0003 Acc: 1.0000
iteration 9380 train loss: 0.0000 Acc: 1.0000
iteration 9400 train loss: 0.0014 Acc: 1.0000
iteration 9420 train loss: 0.0001 Acc: 1.0000
iteration 9440 train loss: 0.0001 Acc: 1.0000
iteration 9460 train loss: 0.0006 Acc: 1.0000
iteration 9480 train loss: 0.0005 Acc: 1.0000
iteration 9500 train loss: 0.0001 Acc: 1.0000
iteration 9520 train loss: 0.0016 Acc: 0.9688
iteration 9540 train loss: 0.0000 Acc: 1.0000
iteration 9560 train loss: 0.0001 Acc: 1.0000
iteration 9580 train loss: 0.0001 Acc: 1.0000
iteration 9600 train loss: 0.0000 Acc: 1.0000
iteration 9620 train loss: 0.0001 Acc: 1.0000
iteration 9640 train loss: 0.0000 Acc: 1.0000
iteration 9660 train loss: 0.0000 Acc: 1.0000
iteration 9680 train loss: 0.0000 Acc: 1.0000
iteration 9700 train loss: 0.0000 Acc: 1.0000
iteration 9720 train loss: 0.0007 Acc: 1.0000
iteration 9740 train loss: 0.0008 Acc: 1.0000
iteration 9760 train loss: 0.0011 Acc: 0.9688
iteration 9780 train loss: 0.0001 Acc: 1.0000
iteration 9800 train loss: 0.0002 Acc: 1.0000
iteration 9820 train loss: 0.0001 Acc: 1.0000
iteration 9840 train loss: 0.0001 Acc: 1.0000
iteration 9860 train loss: 0.0000 Acc: 1.0000
iteration 9880 train loss: 0.0000 Acc: 1.0000
iteration 9900 train loss: 0.0000 Acc: 1.0000
iteration 9920 train loss: 0.0113 Acc: 0.9688
iteration 9940 train loss: 0.0001 Acc: 1.0000
iteration 9960 train loss: 0.0008 Acc: 0.9688
iteration 9980 train loss: 0.0000 Acc: 1.0000
iteration 10000 train loss: 0.0008 Acc: 0.9688
iteration 10020 train loss: 0.0024 Acc: 0.9375
iteration 10040 train loss: 0.0011 Acc: 0.9688
iteration 10060 train loss: 0.0001 Acc: 1.0000
iteration 10080 train loss: 0.0000 Acc: 1.0000
iteration 10100 train loss: 0.0006 Acc: 1.0000
iteration 10120 train loss: 0.0000 Acc: 1.0000
iteration 10140 train loss: 0.0025 Acc: 0.9375
iteration 10160 train loss: 0.0009 Acc: 1.0000
iteration 10180 train loss: 0.0000 Acc: 1.0000
iteration 10200 train loss: 0.0002 Acc: 1.0000
iteration 10220 train loss: 0.0029 Acc: 0.9688
iteration 10240 train loss: 0.0001 Acc: 1.0000
iteration 10260 train loss: 0.0002 Acc: 1.0000
iteration 10280 train loss: 0.0009 Acc: 1.0000
iteration 10300 train loss: 0.0000 Acc: 1.0000
iteration 10320 train loss: 0.0000 Acc: 1.0000
iteration 10340 train loss: 0.0000 Acc: 1.0000
iteration 10360 train loss: 0.0000 Acc: 1.0000
iteration 10380 train loss: 0.0000 Acc: 1.0000
iteration 10400 train loss: 0.0009 Acc: 1.0000
iteration 10420 train loss: 0.0011 Acc: 0.9688
iteration 10440 train loss: 0.0025 Acc: 0.9375
iteration 10460 train loss: 0.0004 Acc: 1.0000
iteration 10480 train loss: 0.0010 Acc: 0.9688
iteration 10500 train loss: 0.0010 Acc: 0.9688
iteration 10520 train loss: 0.0001 Acc: 1.0000
iteration 10540 train loss: 0.0004 Acc: 1.0000
iteration 10560 train loss: 0.0021 Acc: 0.9688
iteration 10580 train loss: 0.0001 Acc: 1.0000
iteration 10600 train loss: 0.0017 Acc: 0.9688
iteration 10620 train loss: 0.0000 Acc: 1.0000
iteration 10640 train loss: 0.0077 Acc: 0.9375
iteration 10660 train loss: 0.0019 Acc: 0.9688
iteration 10680 train loss: 0.0017 Acc: 0.9688
iteration 10700 train loss: 0.0022 Acc: 0.9688
iteration 10720 train loss: 0.0002 Acc: 1.0000
iteration 10740 train loss: 0.0000 Acc: 1.0000
iteration 10760 train loss: 0.0000 Acc: 1.0000
iteration 10780 train loss: 0.0000 Acc: 1.0000
iteration 10800 train loss: 0.0000 Acc: 1.0000
iteration 10820 train loss: 0.0002 Acc: 1.0000
iteration 10840 train loss: 0.0001 Acc: 1.0000
iteration 10860 train loss: 0.0004 Acc: 1.0000
iteration 10880 train loss: 0.0001 Acc: 1.0000
iteration 10900 train loss: 0.0000 Acc: 1.0000
iteration 10920 train loss: 0.0038 Acc: 0.9688
iteration 10940 train loss: 0.0004 Acc: 1.0000
iteration 10960 train loss: 0.0001 Acc: 1.0000
iteration 10980 train loss: 0.0003 Acc: 1.0000
iteration 11000 train loss: 0.0001 Acc: 1.0000
iteration 11020 train loss: 0.0000 Acc: 1.0000
iteration 11040 train loss: 0.0001 Acc: 1.0000
iteration 11060 train loss: 0.0001 Acc: 1.0000
iteration 11080 train loss: 0.0000 Acc: 1.0000
iteration 11100 train loss: 0.0014 Acc: 0.9688
iteration 11120 train loss: 0.0001 Acc: 1.0000
iteration 11140 train loss: 0.0001 Acc: 1.0000
iteration 11160 train loss: 0.0002 Acc: 1.0000
iteration 11180 train loss: 0.0000 Acc: 1.0000
iteration 11200 train loss: 0.0019 Acc: 0.9688
iteration 11220 train loss: 0.0094 Acc: 0.9688
iteration 11240 train loss: 0.0002 Acc: 1.0000
iteration 11260 train loss: 0.0002 Acc: 1.0000
iteration 11280 train loss: 0.0000 Acc: 1.0000
iteration 11300 train loss: 0.0024 Acc: 0.9688
iteration 11320 train loss: 0.0000 Acc: 1.0000
iteration 11340 train loss: 0.0000 Acc: 1.0000
iteration 11360 train loss: 0.0000 Acc: 1.0000
iteration 11380 train loss: 0.0001 Acc: 1.0000
iteration 11400 train loss: 0.0000 Acc: 1.0000
iteration 11420 train loss: 0.0001 Acc: 1.0000
iteration 11440 train loss: 0.0000 Acc: 1.0000
iteration 11460 train loss: 0.0001 Acc: 1.0000
iteration 11480 train loss: 0.0000 Acc: 1.0000
iteration 11500 train loss: 0.0000 Acc: 1.0000
iteration 11520 train loss: 0.0000 Acc: 1.0000
iteration 11540 train loss: 0.0001 Acc: 1.0000
iteration 11560 train loss: 0.0032 Acc: 0.9688
iteration 11580 train loss: 0.0039 Acc: 0.9375
iteration 11600 train loss: 0.0001 Acc: 1.0000
iteration 11620 train loss: 0.0000 Acc: 1.0000
iteration 11640 train loss: 0.0006 Acc: 1.0000
iteration 11660 train loss: 0.0041 Acc: 0.9688
iteration 11680 train loss: 0.0014 Acc: 1.0000
iteration 11700 train loss: 0.0009 Acc: 0.9688
iteration 11720 train loss: 0.0009 Acc: 0.9688
iteration 11740 train loss: 0.0000 Acc: 1.0000
iteration 11760 train loss: 0.0002 Acc: 1.0000
iteration 11780 train loss: 0.0000 Acc: 1.0000
iteration 11800 train loss: 0.0003 Acc: 1.0000
iteration 11820 train loss: 0.0008 Acc: 1.0000
iteration 11840 train loss: 0.0001 Acc: 1.0000
iteration 11860 train loss: 0.0010 Acc: 0.9688
iteration 11880 train loss: 0.0002 Acc: 1.0000
iteration 11900 train loss: 0.0029 Acc: 0.9375
iteration 11920 train loss: 0.0010 Acc: 0.9688
iteration 11940 train loss: 0.0000 Acc: 1.0000
iteration 11960 train loss: 0.0006 Acc: 1.0000
iteration 11980 train loss: 0.0001 Acc: 1.0000
iteration 12000 train loss: 0.0002 Acc: 1.0000
iteration 12020 train loss: 0.0007 Acc: 1.0000
iteration 12040 train loss: 0.0014 Acc: 0.9688
iteration 12060 train loss: 0.0000 Acc: 1.0000
iteration 12080 train loss: 0.0000 Acc: 1.0000
iteration 12100 train loss: 0.0001 Acc: 1.0000
iteration 12120 train loss: 0.0001 Acc: 1.0000
iteration 12140 train loss: 0.0005 Acc: 1.0000
iteration 12160 train loss: 0.0009 Acc: 1.0000
iteration 12180 train loss: 0.0000 Acc: 1.0000
iteration 12200 train loss: 0.0001 Acc: 1.0000
iteration 12220 train loss: 0.0002 Acc: 1.0000
iteration 12240 train loss: 0.0000 Acc: 1.0000
iteration 12260 train loss: 0.0000 Acc: 1.0000
iteration 12280 train loss: 0.0001 Acc: 1.0000
iteration 12300 train loss: 0.0000 Acc: 1.0000
iteration 12320 train loss: 0.0015 Acc: 0.9688
iteration 12340 train loss: 0.0018 Acc: 0.9688
iteration 12360 train loss: 0.0001 Acc: 1.0000
iteration 12380 train loss: 0.0008 Acc: 1.0000
iteration 12400 train loss: 0.0001 Acc: 1.0000
iteration 12420 train loss: 0.0001 Acc: 1.0000
iteration 12440 train loss: 0.0004 Acc: 1.0000
iteration 12460 train loss: 0.0000 Acc: 1.0000
iteration 12480 train loss: 0.0009 Acc: 0.9688
iteration 12500 train loss: 0.0013 Acc: 0.9688
iteration 12520 train loss: 0.0003 Acc: 1.0000
iteration 12540 train loss: 0.0008 Acc: 0.9688
iteration 12560 train loss: 0.0002 Acc: 1.0000
iteration 12580 train loss: 0.0001 Acc: 1.0000
iteration 12600 train loss: 0.0000 Acc: 1.0000
iteration 12620 train loss: 0.0011 Acc: 0.9688
iteration 12640 train loss: 0.0049 Acc: 0.9375
iteration 12660 train loss: 0.0005 Acc: 1.0000
iteration 12680 train loss: 0.0008 Acc: 1.0000
iteration 12700 train loss: 0.0001 Acc: 1.0000
iteration 12720 train loss: 0.0002 Acc: 1.0000
iteration 12740 train loss: 0.0000 Acc: 1.0000
iteration 12760 train loss: 0.0001 Acc: 1.0000
iteration 12780 train loss: 0.0006 Acc: 1.0000
iteration 12800 train loss: 0.0000 Acc: 1.0000
iteration 12820 train loss: 0.0000 Acc: 1.0000
iteration 12840 train loss: 0.0002 Acc: 1.0000
iteration 12860 train loss: 0.0001 Acc: 1.0000
iteration 12880 train loss: 0.0000 Acc: 1.0000
iteration 12900 train loss: 0.0000 Acc: 1.0000
iteration 12920 train loss: 0.0000 Acc: 1.0000
iteration 12940 train loss: 0.0008 Acc: 0.9688
iteration 12960 train loss: 0.0010 Acc: 0.9688
iteration 12980 train loss: 0.0007 Acc: 1.0000
iteration 13000 train loss: 0.0025 Acc: 0.9688
iteration 13020 train loss: 0.0000 Acc: 1.0000
iteration 13040 train loss: 0.0001 Acc: 1.0000
iteration 13060 train loss: 0.0000 Acc: 1.0000
iteration 13080 train loss: 0.0000 Acc: 1.0000
iteration 13100 train loss: 0.0024 Acc: 0.9688
iteration 13120 train loss: 0.0000 Acc: 1.0000
iteration 13140 train loss: 0.0000 Acc: 1.0000
iteration 13160 train loss: 0.0000 Acc: 1.0000
iteration 13180 train loss: 0.0005 Acc: 1.0000
iteration 13200 train loss: 0.0000 Acc: 1.0000
iteration 13220 train loss: 0.0000 Acc: 1.0000
iteration 13240 train loss: 0.0028 Acc: 0.9688
iteration 13260 train loss: 0.0004 Acc: 1.0000
iteration 13280 train loss: 0.0010 Acc: 0.9688
iteration 13300 train loss: 0.0001 Acc: 1.0000
iteration 13320 train loss: 0.0000 Acc: 1.0000
iteration 13340 train loss: 0.0000 Acc: 1.0000
iteration 13360 train loss: 0.0000 Acc: 1.0000
iteration 13380 train loss: 0.0001 Acc: 1.0000
iteration 13400 train loss: 0.0004 Acc: 1.0000
iteration 13420 train loss: 0.0001 Acc: 1.0000
iteration 13440 train loss: 0.0010 Acc: 0.9688
iteration 13460 train loss: 0.0000 Acc: 1.0000
iteration 13480 train loss: 0.0000 Acc: 1.0000
iteration 13500 train loss: 0.0000 Acc: 1.0000
iteration 13520 train loss: 0.0001 Acc: 1.0000
iteration 13540 train loss: 0.0000 Acc: 1.0000
iteration 13560 train loss: 0.0037 Acc: 0.9688
iteration 13580 train loss: 0.0000 Acc: 1.0000
iteration 13600 train loss: 0.0000 Acc: 1.0000
iteration 13620 train loss: 0.0000 Acc: 1.0000
iteration 13640 train loss: 0.0016 Acc: 0.9688
iteration 13660 train loss: 0.0007 Acc: 1.0000
iteration 13680 train loss: 0.0006 Acc: 1.0000
iteration 13700 train loss: 0.0002 Acc: 1.0000
iteration 13720 train loss: 0.0000 Acc: 1.0000
iteration 13740 train loss: 0.0005 Acc: 1.0000
iteration 13760 train loss: 0.0002 Acc: 1.0000
iteration 13780 train loss: 0.0001 Acc: 1.0000
iteration 13800 train loss: 0.0002 Acc: 1.0000
iteration 13820 train loss: 0.0013 Acc: 0.9688
iteration 13840 train loss: 0.0002 Acc: 1.0000
iteration 13860 train loss: 0.0000 Acc: 1.0000
iteration 13880 train loss: 0.0007 Acc: 1.0000
iteration 13900 train loss: 0.0001 Acc: 1.0000
iteration 13920 train loss: 0.0000 Acc: 1.0000
iteration 13940 train loss: 0.0000 Acc: 1.0000
iteration 13960 train loss: 0.0007 Acc: 1.0000
iteration 13980 train loss: 0.0000 Acc: 1.0000
iteration 14000 train loss: 0.0003 Acc: 1.0000
iteration 14020 train loss: 0.0089 Acc: 0.9375
iteration 14040 train loss: 0.0001 Acc: 1.0000
iteration 14060 train loss: 0.0011 Acc: 0.9688
iteration 14080 train loss: 0.0017 Acc: 0.9688
iteration 14100 train loss: 0.0000 Acc: 1.0000
iteration 14120 train loss: 0.0000 Acc: 1.0000
iteration 14140 train loss: 0.0000 Acc: 1.0000
iteration 14160 train loss: 0.0000 Acc: 1.0000
iteration 14180 train loss: 0.0008 Acc: 0.9688
iteration 14200 train loss: 0.0006 Acc: 1.0000
iteration 14220 train loss: 0.0015 Acc: 0.9688
iteration 14240 train loss: 0.0032 Acc: 0.9688
iteration 14260 train loss: 0.0003 Acc: 1.0000
iteration 14280 train loss: 0.0001 Acc: 1.0000
iteration 14300 train loss: 0.0000 Acc: 1.0000
iteration 14320 train loss: 0.0001 Acc: 1.0000
iteration 14340 train loss: 0.0005 Acc: 1.0000
iteration 14360 train loss: 0.0000 Acc: 1.0000
iteration 14380 train loss: 0.0001 Acc: 1.0000
iteration 14400 train loss: 0.0000 Acc: 1.0000
iteration 14420 train loss: 0.0000 Acc: 1.0000
iteration 14440 train loss: 0.0009 Acc: 0.9688
iteration 14460 train loss: 0.0007 Acc: 1.0000
iteration 14480 train loss: 0.0011 Acc: 0.9688
iteration 14500 train loss: 0.0007 Acc: 1.0000
iteration 14520 train loss: 0.0000 Acc: 1.0000
iteration 14540 train loss: 0.0008 Acc: 0.9688
iteration 14560 train loss: 0.0015 Acc: 0.9688
iteration 14580 train loss: 0.0001 Acc: 1.0000
iteration 14600 train loss: 0.0007 Acc: 1.0000
iteration 14620 train loss: 0.0001 Acc: 1.0000
iteration 14640 train loss: 0.0014 Acc: 0.9688
iteration 14660 train loss: 0.0000 Acc: 1.0000
iteration 14680 train loss: 0.0000 Acc: 1.0000
iteration 14700 train loss: 0.0014 Acc: 0.9688
iteration 14720 train loss: 0.0008 Acc: 0.9688
iteration 14740 train loss: 0.0014 Acc: 0.9688
iteration 14760 train loss: 0.0003 Acc: 1.0000
iteration 14780 train loss: 0.0001 Acc: 1.0000
iteration 14800 train loss: 0.0000 Acc: 1.0000
iteration 14820 train loss: 0.0000 Acc: 1.0000
iteration 14840 train loss: 0.0000 Acc: 1.0000
iteration 14860 train loss: 0.0000 Acc: 1.0000
iteration 14880 train loss: 0.0000 Acc: 1.0000
iteration 14900 train loss: 0.0000 Acc: 1.0000
iteration 14920 train loss: 0.0013 Acc: 0.9688
iteration 14940 train loss: 0.0011 Acc: 0.9688
iteration 14960 train loss: 0.0001 Acc: 1.0000
iteration 14980 train loss: 0.0000 Acc: 1.0000
iteration 15000 train loss: 0.0000 Acc: 1.0000
iteration 15020 train loss: 0.0015 Acc: 1.0000
iteration 15040 train loss: 0.0005 Acc: 1.0000
iteration 15060 train loss: 0.0001 Acc: 1.0000
iteration 15080 train loss: 0.0001 Acc: 1.0000
iteration 15100 train loss: 0.0002 Acc: 1.0000
iteration 15120 train loss: 0.0001 Acc: 1.0000
iteration 15140 train loss: 0.0001 Acc: 1.0000
iteration 15160 train loss: 0.0001 Acc: 1.0000
iteration 15180 train loss: 0.0000 Acc: 1.0000
iteration 15200 train loss: 0.0002 Acc: 1.0000
iteration 15220 train loss: 0.0010 Acc: 0.9688
iteration 15240 train loss: 0.0014 Acc: 0.9688
iteration 15260 train loss: 0.0010 Acc: 1.0000
iteration 15280 train loss: 0.0006 Acc: 1.0000
iteration 15300 train loss: 0.0005 Acc: 1.0000
iteration 15320 train loss: 0.0015 Acc: 1.0000
iteration 15340 train loss: 0.0000 Acc: 1.0000
iteration 15360 train loss: 0.0000 Acc: 1.0000
iteration 15380 train loss: 0.0000 Acc: 1.0000
iteration 15400 train loss: 0.0003 Acc: 1.0000
iteration 15420 train loss: 0.0001 Acc: 1.0000
iteration 15440 train loss: 0.0001 Acc: 1.0000
iteration 15460 train loss: 0.0000 Acc: 1.0000
iteration 15480 train loss: 0.0001 Acc: 1.0000
iteration 15500 train loss: 0.0001 Acc: 1.0000
iteration 15520 train loss: 0.0000 Acc: 1.0000
iteration 15540 train loss: 0.0000 Acc: 1.0000
iteration 15560 train loss: 0.0000 Acc: 1.0000
iteration 15580 train loss: 0.0001 Acc: 1.0000
iteration 15600 train loss: 0.0002 Acc: 1.0000
iteration 15620 train loss: 0.0002 Acc: 1.0000
iteration 15640 train loss: 0.0008 Acc: 1.0000
iteration 15660 train loss: 0.0000 Acc: 1.0000
iteration 15680 train loss: 0.0003 Acc: 1.0000
iteration 15700 train loss: 0.0020 Acc: 0.9688
iteration 15720 train loss: 0.0000 Acc: 1.0000
iteration 15740 train loss: 0.0000 Acc: 1.0000
iteration 15760 train loss: 0.0000 Acc: 1.0000
iteration 15780 train loss: 0.0009 Acc: 0.9688
iteration 15800 train loss: 0.0000 Acc: 1.0000
iteration 15820 train loss: 0.0015 Acc: 0.9688
iteration 15840 train loss: 0.0000 Acc: 1.0000
iteration 15860 train loss: 0.0005 Acc: 1.0000
iteration 15880 train loss: 0.0005 Acc: 1.0000
iteration 15900 train loss: 0.0000 Acc: 1.0000
iteration 15920 train loss: 0.0003 Acc: 1.0000
iteration 15940 train loss: 0.0001 Acc: 1.0000
iteration 15960 train loss: 0.0003 Acc: 1.0000
iteration 15980 train loss: 0.0002 Acc: 1.0000
iteration 16000 train loss: 0.0002 Acc: 1.0000
iteration 16020 train loss: 0.0000 Acc: 1.0000
iteration 16040 train loss: 0.0003 Acc: 1.0000
iteration 16060 train loss: 0.0000 Acc: 1.0000
iteration 16080 train loss: 0.0001 Acc: 1.0000
iteration 16100 train loss: 0.0000 Acc: 1.0000
iteration 16120 train loss: 0.0008 Acc: 0.9688
iteration 16140 train loss: 0.0000 Acc: 1.0000
iteration 16160 train loss: 0.0030 Acc: 0.9375
iteration 16180 train loss: 0.0000 Acc: 1.0000
iteration 16200 train loss: 0.0000 Acc: 1.0000
iteration 16220 train loss: 0.0000 Acc: 1.0000
iteration 16240 train loss: 0.0001 Acc: 1.0000
iteration 16260 train loss: 0.0000 Acc: 1.0000
iteration 16280 train loss: 0.0009 Acc: 0.9688
iteration 16300 train loss: 0.0001 Acc: 1.0000
iteration 16320 train loss: 0.0001 Acc: 1.0000
iteration 16340 train loss: 0.0000 Acc: 1.0000
iteration 16360 train loss: 0.0000 Acc: 1.0000
iteration 16380 train loss: 0.0000 Acc: 1.0000
iteration 16400 train loss: 0.0000 Acc: 1.0000
iteration 16420 train loss: 0.0002 Acc: 1.0000
iteration 16440 train loss: 0.0000 Acc: 1.0000
iteration 16460 train loss: 0.0000 Acc: 1.0000
iteration 16480 train loss: 0.0022 Acc: 0.9688
iteration 16500 train loss: 0.0004 Acc: 1.0000
iteration 16520 train loss: 0.0020 Acc: 0.9688
iteration 16540 train loss: 0.0006 Acc: 1.0000
iteration 16560 train loss: 0.0009 Acc: 0.9688
iteration 16580 train loss: 0.0000 Acc: 1.0000
iteration 16600 train loss: 0.0001 Acc: 1.0000
iteration 16620 train loss: 0.0000 Acc: 1.0000
iteration 16640 train loss: 0.0001 Acc: 1.0000
iteration 16660 train loss: 0.0000 Acc: 1.0000
iteration 16680 train loss: 0.0000 Acc: 1.0000
iteration 16700 train loss: 0.0000 Acc: 1.0000
iteration 16720 train loss: 0.0000 Acc: 1.0000
iteration 16740 train loss: 0.0019 Acc: 0.9688
iteration 16760 train loss: 0.0000 Acc: 1.0000
iteration 16780 train loss: 0.0000 Acc: 1.0000
iteration 16800 train loss: 0.0000 Acc: 1.0000
iteration 16820 train loss: 0.0001 Acc: 1.0000
iteration 16840 train loss: 0.0001 Acc: 1.0000
iteration 16860 train loss: 0.0004 Acc: 1.0000
iteration 16880 train loss: 0.0107 Acc: 0.9688
iteration 16900 train loss: 0.0001 Acc: 1.0000
iteration 16920 train loss: 0.0001 Acc: 1.0000
iteration 16940 train loss: 0.0000 Acc: 1.0000
iteration 16960 train loss: 0.0071 Acc: 0.9688
iteration 16980 train loss: 0.0000 Acc: 1.0000
iteration 17000 train loss: 0.0000 Acc: 1.0000
iteration 17020 train loss: 0.0000 Acc: 1.0000
iteration 17040 train loss: 0.0000 Acc: 1.0000
iteration 17060 train loss: 0.0000 Acc: 1.0000
iteration 17080 train loss: 0.0017 Acc: 0.9688
iteration 17100 train loss: 0.0001 Acc: 1.0000
iteration 17120 train loss: 0.0010 Acc: 1.0000
iteration 17140 train loss: 0.0031 Acc: 0.9688
iteration 17160 train loss: 0.0002 Acc: 1.0000
iteration 17180 train loss: 0.0000 Acc: 1.0000
iteration 17200 train loss: 0.0000 Acc: 1.0000
iteration 17220 train loss: 0.0001 Acc: 1.0000
iteration 17240 train loss: 0.0000 Acc: 1.0000
iteration 17260 train loss: 0.0000 Acc: 1.0000
iteration 17280 train loss: 0.0001 Acc: 1.0000
iteration 17300 train loss: 0.0000 Acc: 1.0000
iteration 17320 train loss: 0.0005 Acc: 1.0000
iteration 17340 train loss: 0.0001 Acc: 1.0000
iteration 17360 train loss: 0.0005 Acc: 1.0000
iteration 17380 train loss: 0.0002 Acc: 1.0000
iteration 17400 train loss: 0.0002 Acc: 1.0000
iteration 17420 train loss: 0.0010 Acc: 0.9688
iteration 17440 train loss: 0.0000 Acc: 1.0000
iteration 17460 train loss: 0.0000 Acc: 1.0000
iteration 17480 train loss: 0.0015 Acc: 0.9688
iteration 17500 train loss: 0.0000 Acc: 1.0000
iteration 17520 train loss: 0.0000 Acc: 1.0000
iteration 17540 train loss: 0.0000 Acc: 1.0000
iteration 17560 train loss: 0.0004 Acc: 1.0000
iteration 17580 train loss: 0.0000 Acc: 1.0000
iteration 17600 train loss: 0.0000 Acc: 1.0000
iteration 17620 train loss: 0.0000 Acc: 1.0000
iteration 17640 train loss: 0.0000 Acc: 1.0000
iteration 17660 train loss: 0.0000 Acc: 1.0000
iteration 17680 train loss: 0.0000 Acc: 1.0000
iteration 17700 train loss: 0.0000 Acc: 1.0000
iteration 17720 train loss: 0.0011 Acc: 0.9688
iteration 17740 train loss: 0.0001 Acc: 1.0000
iteration 17760 train loss: 0.0001 Acc: 1.0000
iteration 17780 train loss: 0.0000 Acc: 1.0000
iteration 17800 train loss: 0.0010 Acc: 0.9688
iteration 17820 train loss: 0.0001 Acc: 1.0000
iteration 17840 train loss: 0.0000 Acc: 1.0000
iteration 17860 train loss: 0.0000 Acc: 1.0000
iteration 17880 train loss: 0.0003 Acc: 1.0000
iteration 17900 train loss: 0.0005 Acc: 1.0000
iteration 17920 train loss: 0.0000 Acc: 1.0000
iteration 17940 train loss: 0.0000 Acc: 1.0000
iteration 17960 train loss: 0.0000 Acc: 1.0000
iteration 17980 train loss: 0.0004 Acc: 1.0000
iteration 18000 train loss: 0.0001 Acc: 1.0000
iteration 18020 train loss: 0.0000 Acc: 1.0000
iteration 18040 train loss: 0.0000 Acc: 1.0000
iteration 18060 train loss: 0.0003 Acc: 1.0000
iteration 18080 train loss: 0.0000 Acc: 1.0000
iteration 18100 train loss: 0.0010 Acc: 0.9688
iteration 18120 train loss: 0.0002 Acc: 1.0000
iteration 18140 train loss: 0.0013 Acc: 0.9688
iteration 18160 train loss: 0.0000 Acc: 1.0000
iteration 18180 train loss: 0.0000 Acc: 1.0000
iteration 18200 train loss: 0.0009 Acc: 0.9688
iteration 18220 train loss: 0.0002 Acc: 1.0000
iteration 18240 train loss: 0.0000 Acc: 1.0000
iteration 18260 train loss: 0.0000 Acc: 1.0000
iteration 18280 train loss: 0.0001 Acc: 1.0000
iteration 18300 train loss: 0.0000 Acc: 1.0000
iteration 18320 train loss: 0.0000 Acc: 1.0000
iteration 18340 train loss: 0.0001 Acc: 1.0000
iteration 18360 train loss: 0.0000 Acc: 1.0000
iteration 18380 train loss: 0.0000 Acc: 1.0000
iteration 18400 train loss: 0.0000 Acc: 1.0000
iteration 18420 train loss: 0.0001 Acc: 1.0000
iteration 18440 train loss: 0.0000 Acc: 1.0000
iteration 18460 train loss: 0.0011 Acc: 0.9688
iteration 18480 train loss: 0.0001 Acc: 1.0000
iteration 18500 train loss: 0.0001 Acc: 1.0000
iteration 18520 train loss: 0.0000 Acc: 1.0000
iteration 18540 train loss: 0.0005 Acc: 1.0000
iteration 18560 train loss: 0.0000 Acc: 1.0000
iteration 18580 train loss: 0.0000 Acc: 1.0000
iteration 18600 train loss: 0.0000 Acc: 1.0000
iteration 18620 train loss: 0.0000 Acc: 1.0000
iteration 18640 train loss: 0.0000 Acc: 1.0000
iteration 18660 train loss: 0.0000 Acc: 1.0000
iteration 18680 train loss: 0.0004 Acc: 1.0000
iteration 18700 train loss: 0.0000 Acc: 1.0000
iteration 18720 train loss: 0.0007 Acc: 0.9688
iteration 18740 train loss: 0.0002 Acc: 1.0000
iteration 18760 train loss: 0.0011 Acc: 0.9688
iteration 18780 train loss: 0.0007 Acc: 1.0000
iteration 18800 train loss: 0.0001 Acc: 1.0000
iteration 18820 train loss: 0.0003 Acc: 1.0000
iteration 18840 train loss: 0.0001 Acc: 1.0000
iteration 18860 train loss: 0.0000 Acc: 1.0000
iteration 18880 train loss: 0.0001 Acc: 1.0000
iteration 18900 train loss: 0.0000 Acc: 1.0000
iteration 18920 train loss: 0.0000 Acc: 1.0000
iteration 18940 train loss: 0.0000 Acc: 1.0000
iteration 18960 train loss: 0.0000 Acc: 1.0000
iteration 18980 train loss: 0.0002 Acc: 1.0000
iteration 19000 train loss: 0.0001 Acc: 1.0000
iteration 19020 train loss: 0.0000 Acc: 1.0000
iteration 19040 train loss: 0.0004 Acc: 1.0000
iteration 19060 train loss: 0.0003 Acc: 1.0000
iteration 19080 train loss: 0.0000 Acc: 1.0000
iteration 19100 train loss: 0.0001 Acc: 1.0000
iteration 19120 train loss: 0.0005 Acc: 1.0000
iteration 19140 train loss: 0.0000 Acc: 1.0000
iteration 19160 train loss: 0.0000 Acc: 1.0000
iteration 19180 train loss: 0.0001 Acc: 1.0000
iteration 19200 train loss: 0.0001 Acc: 1.0000
iteration 19220 train loss: 0.0034 Acc: 0.9688
iteration 19240 train loss: 0.0000 Acc: 1.0000
iteration 19260 train loss: 0.0019 Acc: 0.9688
iteration 19280 train loss: 0.0007 Acc: 1.0000
iteration 19300 train loss: 0.0000 Acc: 1.0000
iteration 19320 train loss: 0.0000 Acc: 1.0000
iteration 19340 train loss: 0.0000 Acc: 1.0000
iteration 19360 train loss: 0.0000 Acc: 1.0000
iteration 19380 train loss: 0.0000 Acc: 1.0000
iteration 19400 train loss: 0.0000 Acc: 1.0000
iteration 19420 train loss: 0.0002 Acc: 1.0000
iteration 19440 train loss: 0.0006 Acc: 1.0000
iteration 19460 train loss: 0.0000 Acc: 1.0000
iteration 19480 train loss: 0.0000 Acc: 1.0000
iteration 19500 train loss: 0.0010 Acc: 0.9688
iteration 19520 train loss: 0.0000 Acc: 1.0000
iteration 19540 train loss: 0.0000 Acc: 1.0000
iteration 19560 train loss: 0.0000 Acc: 1.0000
iteration 19580 train loss: 0.0000 Acc: 1.0000
iteration 19600 train loss: 0.0001 Acc: 1.0000
iteration 19620 train loss: 0.0001 Acc: 1.0000
iteration 19640 train loss: 0.0003 Acc: 1.0000
iteration 19660 train loss: 0.0000 Acc: 1.0000
iteration 19680 train loss: 0.0000 Acc: 1.0000
iteration 19700 train loss: 0.0006 Acc: 1.0000
iteration 19720 train loss: 0.0006 Acc: 1.0000
iteration 19740 train loss: 0.0000 Acc: 1.0000
iteration 19760 train loss: 0.0000 Acc: 1.0000
iteration 19780 train loss: 0.0000 Acc: 1.0000
iteration 19800 train loss: 0.0002 Acc: 1.0000
iteration 19820 train loss: 0.0000 Acc: 1.0000
iteration 19840 train loss: 0.0000 Acc: 1.0000
iteration 19860 train loss: 0.0000 Acc: 1.0000
iteration 19880 train loss: 0.0000 Acc: 1.0000
iteration 19900 train loss: 0.0000 Acc: 1.0000
iteration 19920 train loss: 0.0000 Acc: 1.0000
iteration 19940 train loss: 0.0001 Acc: 1.0000
iteration 19960 train loss: 0.0000 Acc: 1.0000
iteration 19980 train loss: 0.0000 Acc: 1.0000
iteration 20000 train loss: 0.0011 Acc: 0.9688
iteration 20020 train loss: 0.0000 Acc: 1.0000
iteration 20040 train loss: 0.0001 Acc: 1.0000
iteration 20060 train loss: 0.0006 Acc: 1.0000
iteration 20080 train loss: 0.0000 Acc: 1.0000
iteration 20100 train loss: 0.0000 Acc: 1.0000
iteration 20120 train loss: 0.0000 Acc: 1.0000
iteration 20140 train loss: 0.0010 Acc: 0.9688
iteration 20160 train loss: 0.0000 Acc: 1.0000
iteration 20180 train loss: 0.0006 Acc: 1.0000
iteration 20200 train loss: 0.0000 Acc: 1.0000
iteration 20220 train loss: 0.0002 Acc: 1.0000
iteration 20240 train loss: 0.0000 Acc: 1.0000
iteration 20260 train loss: 0.0000 Acc: 1.0000
iteration 20280 train loss: 0.0014 Acc: 0.9688
iteration 20300 train loss: 0.0007 Acc: 0.9688
iteration 20320 train loss: 0.0008 Acc: 0.9688
iteration 20340 train loss: 0.0027 Acc: 0.9688
iteration 20360 train loss: 0.0012 Acc: 0.9688
iteration 20380 train loss: 0.0000 Acc: 1.0000
iteration 20400 train loss: 0.0000 Acc: 1.0000
iteration 20420 train loss: 0.0001 Acc: 1.0000
iteration 20440 train loss: 0.0003 Acc: 1.0000
iteration 20460 train loss: 0.0000 Acc: 1.0000
iteration 20480 train loss: 0.0010 Acc: 0.9688
iteration 20500 train loss: 0.0007 Acc: 1.0000
iteration 20520 train loss: 0.0009 Acc: 1.0000
iteration 20540 train loss: 0.0000 Acc: 1.0000
iteration 20560 train loss: 0.0000 Acc: 1.0000
iteration 20580 train loss: 0.0006 Acc: 1.0000
iteration 20600 train loss: 0.0001 Acc: 1.0000
iteration 20620 train loss: 0.0009 Acc: 0.9688
iteration 20640 train loss: 0.0000 Acc: 1.0000
iteration 20660 train loss: 0.0000 Acc: 1.0000
iteration 20680 train loss: 0.0000 Acc: 1.0000
iteration 20700 train loss: 0.0000 Acc: 1.0000
iteration 20720 train loss: 0.0000 Acc: 1.0000
iteration 20740 train loss: 0.0000 Acc: 1.0000
iteration 20760 train loss: 0.0007 Acc: 1.0000
iteration 20780 train loss: 0.0002 Acc: 1.0000
iteration 20800 train loss: 0.0000 Acc: 1.0000
iteration 20820 train loss: 0.0002 Acc: 1.0000
iteration 20840 train loss: 0.0008 Acc: 1.0000
iteration 20860 train loss: 0.0007 Acc: 0.9688
iteration 20880 train loss: 0.0001 Acc: 1.0000
iteration 20900 train loss: 0.0011 Acc: 0.9688
iteration 20920 train loss: 0.0000 Acc: 1.0000
iteration 20940 train loss: 0.0000 Acc: 1.0000
iteration 20960 train loss: 0.0008 Acc: 0.9688
iteration 20980 train loss: 0.0000 Acc: 1.0000
iteration 21000 train loss: 0.0000 Acc: 1.0000
iteration 21020 train loss: 0.0003 Acc: 1.0000
iteration 21040 train loss: 0.0000 Acc: 1.0000
iteration 21060 train loss: 0.0000 Acc: 1.0000
iteration 21080 train loss: 0.0001 Acc: 1.0000
iteration 21100 train loss: 0.0000 Acc: 1.0000
iteration 21120 train loss: 0.0005 Acc: 1.0000
iteration 21140 train loss: 0.0000 Acc: 1.0000
iteration 21160 train loss: 0.0016 Acc: 0.9688
iteration 21180 train loss: 0.0031 Acc: 0.9688
iteration 21200 train loss: 0.0003 Acc: 1.0000
iteration 21220 train loss: 0.0000 Acc: 1.0000
iteration 21240 train loss: 0.0000 Acc: 1.0000
iteration 21260 train loss: 0.0012 Acc: 0.9688
iteration 21280 train loss: 0.0001 Acc: 1.0000
iteration 21300 train loss: 0.0000 Acc: 1.0000
iteration 21320 train loss: 0.0000 Acc: 1.0000
iteration 21340 train loss: 0.0000 Acc: 1.0000
iteration 21360 train loss: 0.0000 Acc: 1.0000
iteration 21380 train loss: 0.0000 Acc: 1.0000
iteration 21400 train loss: 0.0000 Acc: 1.0000
iteration 21420 train loss: 0.0000 Acc: 1.0000
iteration 21440 train loss: 0.0000 Acc: 1.0000
iteration 21460 train loss: 0.0000 Acc: 1.0000
iteration 21480 train loss: 0.0001 Acc: 1.0000
iteration 21500 train loss: 0.0000 Acc: 1.0000
iteration 21520 train loss: 0.0000 Acc: 1.0000
iteration 21540 train loss: 0.0000 Acc: 1.0000
iteration 21560 train loss: 0.0038 Acc: 0.9688
iteration 21580 train loss: 0.0006 Acc: 1.0000
iteration 21600 train loss: 0.0000 Acc: 1.0000
iteration 21620 train loss: 0.0003 Acc: 1.0000
iteration 21640 train loss: 0.0001 Acc: 1.0000
iteration 21660 train loss: 0.0000 Acc: 1.0000
iteration 21680 train loss: 0.0000 Acc: 1.0000
iteration 21700 train loss: 0.0007 Acc: 1.0000
iteration 21720 train loss: 0.0000 Acc: 1.0000
iteration 21740 train loss: 0.0000 Acc: 1.0000
iteration 21760 train loss: 0.0000 Acc: 1.0000
iteration 21780 train loss: 0.0000 Acc: 1.0000
iteration 21800 train loss: 0.0004 Acc: 1.0000
iteration 21820 train loss: 0.0008 Acc: 0.9688
iteration 21840 train loss: 0.0000 Acc: 1.0000
iteration 21860 train loss: 0.0002 Acc: 1.0000
iteration 21880 train loss: 0.0014 Acc: 0.9688
iteration 21900 train loss: 0.0005 Acc: 1.0000
iteration 21920 train loss: 0.0024 Acc: 0.9375
iteration 21940 train loss: 0.0003 Acc: 1.0000
iteration 21960 train loss: 0.0000 Acc: 1.0000
iteration 21980 train loss: 0.0000 Acc: 1.0000
iteration 22000 train loss: 0.0000 Acc: 1.0000
iteration 22020 train loss: 0.0000 Acc: 1.0000
iteration 22040 train loss: 0.0000 Acc: 1.0000
iteration 22060 train loss: 0.0006 Acc: 1.0000
iteration 22080 train loss: 0.0002 Acc: 1.0000
iteration 22100 train loss: 0.0006 Acc: 1.0000
iteration 22120 train loss: 0.0000 Acc: 1.0000
iteration 22140 train loss: 0.0008 Acc: 0.9688
iteration 22160 train loss: 0.0000 Acc: 1.0000
iteration 22180 train loss: 0.0005 Acc: 1.0000
iteration 22200 train loss: 0.0015 Acc: 0.9688
iteration 22220 train loss: 0.0000 Acc: 1.0000
iteration 22240 train loss: 0.0000 Acc: 1.0000
iteration 22260 train loss: 0.0000 Acc: 1.0000
iteration 22280 train loss: 0.0000 Acc: 1.0000
iteration 22300 train loss: 0.0003 Acc: 1.0000
iteration 22320 train loss: 0.0002 Acc: 1.0000
iteration 22340 train loss: 0.0000 Acc: 1.0000
iteration 22360 train loss: 0.0001 Acc: 1.0000
iteration 22380 train loss: 0.0006 Acc: 1.0000
iteration 22400 train loss: 0.0000 Acc: 1.0000
iteration 22420 train loss: 0.0000 Acc: 1.0000
iteration 22440 train loss: 0.0001 Acc: 1.0000
iteration 22460 train loss: 0.0000 Acc: 1.0000
iteration 22480 train loss: 0.0000 Acc: 1.0000
iteration 22500 train loss: 0.0003 Acc: 1.0000
iteration 22520 train loss: 0.0001 Acc: 1.0000
iteration 22540 train loss: 0.0000 Acc: 1.0000
iteration 22560 train loss: 0.0000 Acc: 1.0000
iteration 22580 train loss: 0.0000 Acc: 1.0000
iteration 22600 train loss: 0.0000 Acc: 1.0000
iteration 22620 train loss: 0.0000 Acc: 1.0000
iteration 22640 train loss: 0.0000 Acc: 1.0000
iteration 22660 train loss: 0.0000 Acc: 1.0000
iteration 22680 train loss: 0.0000 Acc: 1.0000
iteration 22700 train loss: 0.0001 Acc: 1.0000
iteration 22720 train loss: 0.0000 Acc: 1.0000
iteration 22740 train loss: 0.0001 Acc: 1.0000
iteration 22760 train loss: 0.0001 Acc: 1.0000
iteration 22780 train loss: 0.0001 Acc: 1.0000
iteration 22800 train loss: 0.0003 Acc: 1.0000
iteration 22820 train loss: 0.0065 Acc: 0.9375
iteration 22840 train loss: 0.0002 Acc: 1.0000
iteration 22860 train loss: 0.0010 Acc: 1.0000
iteration 22880 train loss: 0.0001 Acc: 1.0000
iteration 22900 train loss: 0.0004 Acc: 1.0000
iteration 22920 train loss: 0.0001 Acc: 1.0000
iteration 22940 train loss: 0.0004 Acc: 1.0000
iteration 22960 train loss: 0.0000 Acc: 1.0000
iteration 22980 train loss: 0.0018 Acc: 0.9688
iteration 23000 train loss: 0.0000 Acc: 1.0000
iteration 23020 train loss: 0.0001 Acc: 1.0000
iteration 23040 train loss: 0.0000 Acc: 1.0000
iteration 23060 train loss: 0.0019 Acc: 0.9688
iteration 23080 train loss: 0.0000 Acc: 1.0000
iteration 23100 train loss: 0.0001 Acc: 1.0000
iteration 23120 train loss: 0.0010 Acc: 0.9688
iteration 23140 train loss: 0.0003 Acc: 1.0000
iteration 23160 train loss: 0.0001 Acc: 1.0000
iteration 23180 train loss: 0.0000 Acc: 1.0000
epoch train loss: 0.0014 Acc: 0.9822
epoch val loss: 0.0017 Acc: 0.9855
Traceback (most recent call last):
  File "train_CNN.py", line 116, in <module>
    main()
  File "train_CNN.py", line 96, in main
    torch.save(model.module.state_dict(), os.path.join(output_path, 'c23', str(epoch) + '_' + model_name))
  File "/public/dengzhijian/miniconda3/envs/dfs/lib/python3.6/site-packages/torch/serialization.py", line 369, in save
    with _open_file_like(f, 'wb') as opened_file:
  File "/public/dengzhijian/miniconda3/envs/dfs/lib/python3.6/site-packages/torch/serialization.py", line 230, in _open_file_like
    return _open_file(name_or_buffer, mode)
  File "/public/dengzhijian/miniconda3/envs/dfs/lib/python3.6/site-packages/torch/serialization.py", line 211, in __init__
    super(_open_file, self).__init__(open(name, mode))
FileNotFoundError: [Errno 2] No such file or directory: './Deepfakes_output/c23/0_df_c23.pkl'
job end
