job begin
Using dropout 0.5
Epoch 1/20
----------
iteration 20 train loss: 0.0229 Acc: 0.4062
iteration 40 train loss: 0.0212 Acc: 0.6562
iteration 60 train loss: 0.0227 Acc: 0.5938
iteration 80 train loss: 0.0223 Acc: 0.5938
iteration 100 train loss: 0.0241 Acc: 0.4688
iteration 120 train loss: 0.0216 Acc: 0.7188
iteration 140 train loss: 0.0218 Acc: 0.5000
iteration 160 train loss: 0.0233 Acc: 0.5000
iteration 180 train loss: 0.0218 Acc: 0.5312
iteration 200 train loss: 0.0215 Acc: 0.5312
iteration 220 train loss: 0.0230 Acc: 0.5625
iteration 240 train loss: 0.0233 Acc: 0.4375
iteration 260 train loss: 0.0222 Acc: 0.4062
iteration 280 train loss: 0.0207 Acc: 0.6875
iteration 300 train loss: 0.0221 Acc: 0.5312
iteration 320 train loss: 0.0241 Acc: 0.3438
iteration 340 train loss: 0.0219 Acc: 0.4688
iteration 360 train loss: 0.0224 Acc: 0.4688
iteration 380 train loss: 0.0215 Acc: 0.4375
iteration 400 train loss: 0.0230 Acc: 0.2500
iteration 420 train loss: 0.0225 Acc: 0.5312
iteration 440 train loss: 0.0217 Acc: 0.5312
iteration 460 train loss: 0.0210 Acc: 0.5938
iteration 480 train loss: 0.0215 Acc: 0.5000
iteration 500 train loss: 0.0221 Acc: 0.5000
iteration 520 train loss: 0.0223 Acc: 0.4688
iteration 540 train loss: 0.0220 Acc: 0.4375
iteration 560 train loss: 0.0221 Acc: 0.5000
iteration 580 train loss: 0.0215 Acc: 0.5000
iteration 600 train loss: 0.0212 Acc: 0.5625
iteration 620 train loss: 0.0215 Acc: 0.4062
iteration 640 train loss: 0.0216 Acc: 0.5312
iteration 660 train loss: 0.0221 Acc: 0.4375
iteration 680 train loss: 0.0210 Acc: 0.5312
iteration 700 train loss: 0.0217 Acc: 0.5312
iteration 720 train loss: 0.0206 Acc: 0.5938
iteration 740 train loss: 0.0222 Acc: 0.5625
iteration 760 train loss: 0.0216 Acc: 0.5312
iteration 780 train loss: 0.0205 Acc: 0.5625
iteration 800 train loss: 0.0196 Acc: 0.6875
iteration 820 train loss: 0.0268 Acc: 0.5312
iteration 840 train loss: 0.0165 Acc: 0.7188
Traceback (most recent call last):
  File "train_CNN.py", line 116, in <module>
    main()
  File "train_CNN.py", line 54, in main
    for (image, labels) in train_loader:
  File "/public/dengzhijian/miniconda3/envs/dfs/lib/python3.6/site-packages/torch/utils/data/dataloader.py", line 435, in __next__
    data = self._next_data()
  File "/public/dengzhijian/miniconda3/envs/dfs/lib/python3.6/site-packages/torch/utils/data/dataloader.py", line 1085, in _next_data
    return self._process_data(data)
  File "/public/dengzhijian/miniconda3/envs/dfs/lib/python3.6/site-packages/torch/utils/data/dataloader.py", line 1111, in _process_data
    data.reraise()
  File "/public/dengzhijian/miniconda3/envs/dfs/lib/python3.6/site-packages/torch/_utils.py", line 428, in reraise
    raise self.exc_type(msg)
FileNotFoundError: Caught FileNotFoundError in DataLoader worker process 6.
Original Traceback (most recent call last):
  File "/public/dengzhijian/miniconda3/envs/dfs/lib/python3.6/site-packages/torch/utils/data/_utils/worker.py", line 198, in _worker_loop
    data = fetcher.fetch(index)
  File "/public/dengzhijian/miniconda3/envs/dfs/lib/python3.6/site-packages/torch/utils/data/_utils/fetch.py", line 44, in fetch
    data = [self.dataset[idx] for idx in possibly_batched_index]
  File "/public/dengzhijian/miniconda3/envs/dfs/lib/python3.6/site-packages/torch/utils/data/_utils/fetch.py", line 44, in <listcomp>
    data = [self.dataset[idx] for idx in possibly_batched_index]
  File "/public/dengzhijian/Deepfake-Detection-master/dataset/mydataset.py", line 27, in __getitem__
    img = Image.open(fn).convert('RGB')
  File "/public/dengzhijian/miniconda3/envs/dfs/lib/python3.6/site-packages/PIL/Image.py", line 2904, in open
    fp = builtins.open(filename, "rb")
FileNotFoundError: [Errno 2] No such file or directory: '/data-x/g15/ffpp-faces/Deepfakes/c23/images/569_921/293.jpg'

job end
