job begin
Using dropout 0.5
Epoch 1/20
----------
iteration 20 train loss: 0.0212 Acc: 0.5938
iteration 40 train loss: 0.0214 Acc: 0.5312
iteration 60 train loss: 0.0237 Acc: 0.4688
iteration 80 train loss: 0.0204 Acc: 0.5938
iteration 100 train loss: 0.0246 Acc: 0.5625
iteration 120 train loss: 0.0202 Acc: 0.6562
iteration 140 train loss: 0.0224 Acc: 0.4688
iteration 160 train loss: 0.0161 Acc: 0.7500
iteration 180 train loss: 0.0123 Acc: 0.8438
iteration 200 train loss: 0.0171 Acc: 0.7188
iteration 220 train loss: 0.0170 Acc: 0.6250
iteration 240 train loss: 0.0079 Acc: 0.9062
iteration 260 train loss: 0.0197 Acc: 0.6875
iteration 280 train loss: 0.0191 Acc: 0.7188
iteration 300 train loss: 0.0140 Acc: 0.8125
iteration 320 train loss: 0.0096 Acc: 0.9062
iteration 340 train loss: 0.0089 Acc: 0.9375
iteration 360 train loss: 0.0178 Acc: 0.6562
iteration 380 train loss: 0.0115 Acc: 0.8125
iteration 400 train loss: 0.0159 Acc: 0.7188
iteration 420 train loss: 0.0116 Acc: 0.8438
iteration 440 train loss: 0.0149 Acc: 0.7500
iteration 460 train loss: 0.0128 Acc: 0.8438
iteration 480 train loss: 0.0198 Acc: 0.6875
iteration 500 train loss: 0.0109 Acc: 0.8750
iteration 520 train loss: 0.0146 Acc: 0.7812
iteration 540 train loss: 0.0072 Acc: 0.9688
iteration 560 train loss: 0.0105 Acc: 0.8438
iteration 580 train loss: 0.0222 Acc: 0.6250
iteration 600 train loss: 0.0102 Acc: 0.8750
iteration 620 train loss: 0.0082 Acc: 0.8438
iteration 640 train loss: 0.0142 Acc: 0.7500
iteration 660 train loss: 0.0184 Acc: 0.6562
iteration 680 train loss: 0.0120 Acc: 0.8125
iteration 700 train loss: 0.0081 Acc: 0.8438
iteration 720 train loss: 0.0054 Acc: 0.9062
iteration 740 train loss: 0.0129 Acc: 0.8750
iteration 760 train loss: 0.0096 Acc: 0.8438
iteration 780 train loss: 0.0120 Acc: 0.8438
iteration 800 train loss: 0.0131 Acc: 0.7500
iteration 820 train loss: 0.0069 Acc: 0.8750
iteration 840 train loss: 0.0091 Acc: 0.8750
iteration 860 train loss: 0.0071 Acc: 0.8750
iteration 880 train loss: 0.0112 Acc: 0.9062
iteration 900 train loss: 0.0120 Acc: 0.8750
iteration 920 train loss: 0.0067 Acc: 0.9375
iteration 940 train loss: 0.0112 Acc: 0.7812
iteration 960 train loss: 0.0057 Acc: 0.9375
iteration 980 train loss: 0.0117 Acc: 0.8438
iteration 1000 train loss: 0.0103 Acc: 0.8750
iteration 1020 train loss: 0.0079 Acc: 0.8438
iteration 1040 train loss: 0.0101 Acc: 0.8438
iteration 1060 train loss: 0.0054 Acc: 0.9375
iteration 1080 train loss: 0.0078 Acc: 0.9375
iteration 1100 train loss: 0.0113 Acc: 0.8125
iteration 1120 train loss: 0.0111 Acc: 0.8438
iteration 1140 train loss: 0.0093 Acc: 0.8750
iteration 1160 train loss: 0.0044 Acc: 0.9375
iteration 1180 train loss: 0.0054 Acc: 0.9375
iteration 1200 train loss: 0.0089 Acc: 0.9688
iteration 1220 train loss: 0.0112 Acc: 0.8125
iteration 1240 train loss: 0.0068 Acc: 0.9062
iteration 1260 train loss: 0.0082 Acc: 0.9062
iteration 1280 train loss: 0.0061 Acc: 0.9375
iteration 1300 train loss: 0.0025 Acc: 0.9688
iteration 1320 train loss: 0.0079 Acc: 0.8750
iteration 1340 train loss: 0.0039 Acc: 0.9375
iteration 1360 train loss: 0.0023 Acc: 0.9688
iteration 1380 train loss: 0.0060 Acc: 0.9375
iteration 1400 train loss: 0.0034 Acc: 0.9688
iteration 1420 train loss: 0.0030 Acc: 0.9688
iteration 1440 train loss: 0.0021 Acc: 0.9688
iteration 1460 train loss: 0.0187 Acc: 0.8125
iteration 1480 train loss: 0.0047 Acc: 0.9375
iteration 1500 train loss: 0.0055 Acc: 0.8750
iteration 1520 train loss: 0.0034 Acc: 0.9688
iteration 1540 train loss: 0.0076 Acc: 0.9062
iteration 1560 train loss: 0.0070 Acc: 0.9062
iteration 1580 train loss: 0.0029 Acc: 0.9375
iteration 1600 train loss: 0.0019 Acc: 1.0000
iteration 1620 train loss: 0.0103 Acc: 0.8750
iteration 1640 train loss: 0.0032 Acc: 0.9375
iteration 1660 train loss: 0.0005 Acc: 1.0000
iteration 1680 train loss: 0.0074 Acc: 0.9062
iteration 1700 train loss: 0.0056 Acc: 0.9375
iteration 1720 train loss: 0.0053 Acc: 0.9062
iteration 1740 train loss: 0.0034 Acc: 0.9375
iteration 1760 train loss: 0.0051 Acc: 0.9375
iteration 1780 train loss: 0.0038 Acc: 0.9375
iteration 1800 train loss: 0.0108 Acc: 0.8438
iteration 1820 train loss: 0.0031 Acc: 0.9688
iteration 1840 train loss: 0.0045 Acc: 0.9062
iteration 1860 train loss: 0.0025 Acc: 0.9688
iteration 1880 train loss: 0.0043 Acc: 0.9375
iteration 1900 train loss: 0.0047 Acc: 0.9062
iteration 1920 train loss: 0.0029 Acc: 0.9375
iteration 1940 train loss: 0.0014 Acc: 1.0000
iteration 1960 train loss: 0.0046 Acc: 0.9375
iteration 1980 train loss: 0.0068 Acc: 0.9062
iteration 2000 train loss: 0.0017 Acc: 0.9688
iteration 2020 train loss: 0.0039 Acc: 0.9688
iteration 2040 train loss: 0.0065 Acc: 0.9688
iteration 2060 train loss: 0.0045 Acc: 0.9062
iteration 2080 train loss: 0.0059 Acc: 0.9062
iteration 2100 train loss: 0.0009 Acc: 1.0000
iteration 2120 train loss: 0.0037 Acc: 0.9375
iteration 2140 train loss: 0.0018 Acc: 0.9688
iteration 2160 train loss: 0.0008 Acc: 1.0000
iteration 2180 train loss: 0.0047 Acc: 0.9375
iteration 2200 train loss: 0.0006 Acc: 1.0000
iteration 2220 train loss: 0.0032 Acc: 0.9688
iteration 2240 train loss: 0.0030 Acc: 0.9688
iteration 2260 train loss: 0.0016 Acc: 0.9688
iteration 2280 train loss: 0.0042 Acc: 0.9375
iteration 2300 train loss: 0.0018 Acc: 0.9688
iteration 2320 train loss: 0.0046 Acc: 0.9375
iteration 2340 train loss: 0.0029 Acc: 0.9375
iteration 2360 train loss: 0.0037 Acc: 0.9688
iteration 2380 train loss: 0.0007 Acc: 1.0000
iteration 2400 train loss: 0.0012 Acc: 1.0000
iteration 2420 train loss: 0.0017 Acc: 1.0000
iteration 2440 train loss: 0.0011 Acc: 1.0000
iteration 2460 train loss: 0.0035 Acc: 0.9688
iteration 2480 train loss: 0.0045 Acc: 0.9688
iteration 2500 train loss: 0.0046 Acc: 0.9375
iteration 2520 train loss: 0.0011 Acc: 1.0000
iteration 2540 train loss: 0.0028 Acc: 0.9688
iteration 2560 train loss: 0.0034 Acc: 0.9688
iteration 2580 train loss: 0.0021 Acc: 0.9688
iteration 2600 train loss: 0.0020 Acc: 0.9688
iteration 2620 train loss: 0.0027 Acc: 0.9688
iteration 2640 train loss: 0.0013 Acc: 0.9688
iteration 2660 train loss: 0.0022 Acc: 0.9688
iteration 2680 train loss: 0.0022 Acc: 0.9375
iteration 2700 train loss: 0.0048 Acc: 0.9375
iteration 2720 train loss: 0.0046 Acc: 0.9375
iteration 2740 train loss: 0.0012 Acc: 0.9688
iteration 2760 train loss: 0.0049 Acc: 0.9688
iteration 2780 train loss: 0.0040 Acc: 0.9375
iteration 2800 train loss: 0.0023 Acc: 0.9688
iteration 2820 train loss: 0.0026 Acc: 0.9688
iteration 2840 train loss: 0.0016 Acc: 0.9688
iteration 2860 train loss: 0.0014 Acc: 1.0000
iteration 2880 train loss: 0.0008 Acc: 1.0000
iteration 2900 train loss: 0.0002 Acc: 1.0000
iteration 2920 train loss: 0.0004 Acc: 1.0000
iteration 2940 train loss: 0.0010 Acc: 0.9688
iteration 2960 train loss: 0.0004 Acc: 1.0000
iteration 2980 train loss: 0.0053 Acc: 0.9062
iteration 3000 train loss: 0.0017 Acc: 0.9688
iteration 3020 train loss: 0.0008 Acc: 1.0000
iteration 3040 train loss: 0.0035 Acc: 0.9375
iteration 3060 train loss: 0.0009 Acc: 1.0000
iteration 3080 train loss: 0.0031 Acc: 0.9375
iteration 3100 train loss: 0.0018 Acc: 0.9688
iteration 3120 train loss: 0.0007 Acc: 1.0000
iteration 3140 train loss: 0.0022 Acc: 0.9688
iteration 3160 train loss: 0.0094 Acc: 0.8750
iteration 3180 train loss: 0.0021 Acc: 1.0000
iteration 3200 train loss: 0.0011 Acc: 1.0000
iteration 3220 train loss: 0.0003 Acc: 1.0000
iteration 3240 train loss: 0.0003 Acc: 1.0000
iteration 3260 train loss: 0.0054 Acc: 0.9375
iteration 3280 train loss: 0.0034 Acc: 0.9688
iteration 3300 train loss: 0.0028 Acc: 0.9375
iteration 3320 train loss: 0.0003 Acc: 1.0000
iteration 3340 train loss: 0.0024 Acc: 0.9688
iteration 3360 train loss: 0.0021 Acc: 0.9688
iteration 3380 train loss: 0.0009 Acc: 1.0000
iteration 3400 train loss: 0.0029 Acc: 0.9688
iteration 3420 train loss: 0.0011 Acc: 1.0000
iteration 3440 train loss: 0.0041 Acc: 0.9375
iteration 3460 train loss: 0.0020 Acc: 0.9688
iteration 3480 train loss: 0.0059 Acc: 0.9375
iteration 3500 train loss: 0.0022 Acc: 0.9688
iteration 3520 train loss: 0.0007 Acc: 1.0000
iteration 3540 train loss: 0.0054 Acc: 0.9688
iteration 3560 train loss: 0.0034 Acc: 0.9062
iteration 3580 train loss: 0.0002 Acc: 1.0000
iteration 3600 train loss: 0.0018 Acc: 0.9688
iteration 3620 train loss: 0.0064 Acc: 0.9062
iteration 3640 train loss: 0.0006 Acc: 1.0000
iteration 3660 train loss: 0.0004 Acc: 1.0000
iteration 3680 train loss: 0.0037 Acc: 0.9375
iteration 3700 train loss: 0.0005 Acc: 1.0000
iteration 3720 train loss: 0.0005 Acc: 1.0000
iteration 3740 train loss: 0.0003 Acc: 1.0000
iteration 3760 train loss: 0.0026 Acc: 0.9688
iteration 3780 train loss: 0.0024 Acc: 0.9375
iteration 3800 train loss: 0.0020 Acc: 0.9688
iteration 3820 train loss: 0.0054 Acc: 0.9688
iteration 3840 train loss: 0.0041 Acc: 0.9375
iteration 3860 train loss: 0.0010 Acc: 0.9688
iteration 3880 train loss: 0.0003 Acc: 1.0000
iteration 3900 train loss: 0.0050 Acc: 0.9375
iteration 3920 train loss: 0.0008 Acc: 1.0000
iteration 3940 train loss: 0.0014 Acc: 1.0000
iteration 3960 train loss: 0.0004 Acc: 1.0000
iteration 3980 train loss: 0.0004 Acc: 1.0000
iteration 4000 train loss: 0.0002 Acc: 1.0000
iteration 4020 train loss: 0.0006 Acc: 1.0000
iteration 4040 train loss: 0.0004 Acc: 1.0000
iteration 4060 train loss: 0.0007 Acc: 1.0000
iteration 4080 train loss: 0.0002 Acc: 1.0000
iteration 4100 train loss: 0.0032 Acc: 0.9688
iteration 4120 train loss: 0.0005 Acc: 1.0000
iteration 4140 train loss: 0.0016 Acc: 0.9688
iteration 4160 train loss: 0.0096 Acc: 0.8438
iteration 4180 train loss: 0.0028 Acc: 0.9688
iteration 4200 train loss: 0.0012 Acc: 0.9688
iteration 4220 train loss: 0.0022 Acc: 0.9688
iteration 4240 train loss: 0.0033 Acc: 0.9688
iteration 4260 train loss: 0.0010 Acc: 0.9688
iteration 4280 train loss: 0.0030 Acc: 0.9688
iteration 4300 train loss: 0.0028 Acc: 0.9375
iteration 4320 train loss: 0.0002 Acc: 1.0000
iteration 4340 train loss: 0.0032 Acc: 0.9688
iteration 4360 train loss: 0.0005 Acc: 1.0000
iteration 4380 train loss: 0.0028 Acc: 0.9688
iteration 4400 train loss: 0.0009 Acc: 1.0000
iteration 4420 train loss: 0.0014 Acc: 0.9688
iteration 4440 train loss: 0.0060 Acc: 0.9688
iteration 4460 train loss: 0.0037 Acc: 0.9375
iteration 4480 train loss: 0.0008 Acc: 1.0000
iteration 4500 train loss: 0.0006 Acc: 1.0000
iteration 4520 train loss: 0.0002 Acc: 1.0000
iteration 4540 train loss: 0.0007 Acc: 1.0000
iteration 4560 train loss: 0.0017 Acc: 0.9688
iteration 4580 train loss: 0.0006 Acc: 1.0000
iteration 4600 train loss: 0.0003 Acc: 1.0000
iteration 4620 train loss: 0.0022 Acc: 0.9688
iteration 4640 train loss: 0.0007 Acc: 1.0000
iteration 4660 train loss: 0.0007 Acc: 1.0000
iteration 4680 train loss: 0.0013 Acc: 0.9688
iteration 4700 train loss: 0.0003 Acc: 1.0000
iteration 4720 train loss: 0.0001 Acc: 1.0000
iteration 4740 train loss: 0.0020 Acc: 0.9688
iteration 4760 train loss: 0.0082 Acc: 0.9375
iteration 4780 train loss: 0.0034 Acc: 0.9688
iteration 4800 train loss: 0.0007 Acc: 1.0000
iteration 4820 train loss: 0.0002 Acc: 1.0000
iteration 4840 train loss: 0.0012 Acc: 0.9688
iteration 4860 train loss: 0.0020 Acc: 0.9688
iteration 4880 train loss: 0.0012 Acc: 1.0000
iteration 4900 train loss: 0.0011 Acc: 0.9688
iteration 4920 train loss: 0.0075 Acc: 0.9375
iteration 4940 train loss: 0.0007 Acc: 1.0000
iteration 4960 train loss: 0.0005 Acc: 1.0000
iteration 4980 train loss: 0.0083 Acc: 0.9688
iteration 5000 train loss: 0.0011 Acc: 0.9688
iteration 5020 train loss: 0.0001 Acc: 1.0000
iteration 5040 train loss: 0.0001 Acc: 1.0000
iteration 5060 train loss: 0.0013 Acc: 0.9688
iteration 5080 train loss: 0.0054 Acc: 0.9688
iteration 5100 train loss: 0.0001 Acc: 1.0000
iteration 5120 train loss: 0.0086 Acc: 0.9375
iteration 5140 train loss: 0.0057 Acc: 0.9062
iteration 5160 train loss: 0.0042 Acc: 0.9375
iteration 5180 train loss: 0.0003 Acc: 1.0000
iteration 5200 train loss: 0.0078 Acc: 0.9062
iteration 5220 train loss: 0.0045 Acc: 0.9375
iteration 5240 train loss: 0.0011 Acc: 0.9688
iteration 5260 train loss: 0.0006 Acc: 1.0000
iteration 5280 train loss: 0.0007 Acc: 1.0000
iteration 5300 train loss: 0.0019 Acc: 0.9688
iteration 5320 train loss: 0.0057 Acc: 0.9688
iteration 5340 train loss: 0.0037 Acc: 0.9375
iteration 5360 train loss: 0.0008 Acc: 1.0000
iteration 5380 train loss: 0.0007 Acc: 1.0000
iteration 5400 train loss: 0.0001 Acc: 1.0000
iteration 5420 train loss: 0.0008 Acc: 1.0000
iteration 5440 train loss: 0.0005 Acc: 1.0000
iteration 5460 train loss: 0.0017 Acc: 0.9688
iteration 5480 train loss: 0.0011 Acc: 0.9688
iteration 5500 train loss: 0.0007 Acc: 1.0000
iteration 5520 train loss: 0.0049 Acc: 0.9688
iteration 5540 train loss: 0.0004 Acc: 1.0000
iteration 5560 train loss: 0.0010 Acc: 0.9688
iteration 5580 train loss: 0.0003 Acc: 1.0000
iteration 5600 train loss: 0.0005 Acc: 1.0000
iteration 5620 train loss: 0.0001 Acc: 1.0000
iteration 5640 train loss: 0.0001 Acc: 1.0000
iteration 5660 train loss: 0.0034 Acc: 0.9688
iteration 5680 train loss: 0.0001 Acc: 1.0000
iteration 5700 train loss: 0.0055 Acc: 0.9062
iteration 5720 train loss: 0.0008 Acc: 1.0000
iteration 5740 train loss: 0.0021 Acc: 0.9688
iteration 5760 train loss: 0.0028 Acc: 0.9688
iteration 5780 train loss: 0.0015 Acc: 0.9688
iteration 5800 train loss: 0.0023 Acc: 0.9688
iteration 5820 train loss: 0.0016 Acc: 0.9688
iteration 5840 train loss: 0.0002 Acc: 1.0000
iteration 5860 train loss: 0.0028 Acc: 0.9688
iteration 5880 train loss: 0.0003 Acc: 1.0000
iteration 5900 train loss: 0.0001 Acc: 1.0000
iteration 5920 train loss: 0.0079 Acc: 0.9688
iteration 5940 train loss: 0.0020 Acc: 0.9688
iteration 5960 train loss: 0.0031 Acc: 0.9375
iteration 5980 train loss: 0.0022 Acc: 0.9688
iteration 6000 train loss: 0.0029 Acc: 0.9688
iteration 6020 train loss: 0.0042 Acc: 0.9688
iteration 6040 train loss: 0.0001 Acc: 1.0000
iteration 6060 train loss: 0.0001 Acc: 1.0000
iteration 6080 train loss: 0.0012 Acc: 0.9688
iteration 6100 train loss: 0.0007 Acc: 1.0000
iteration 6120 train loss: 0.0003 Acc: 1.0000
iteration 6140 train loss: 0.0004 Acc: 1.0000
iteration 6160 train loss: 0.0002 Acc: 1.0000
iteration 6180 train loss: 0.0003 Acc: 1.0000
iteration 6200 train loss: 0.0008 Acc: 0.9688
iteration 6220 train loss: 0.0004 Acc: 1.0000
iteration 6240 train loss: 0.0014 Acc: 0.9688
iteration 6260 train loss: 0.0039 Acc: 0.9688
iteration 6280 train loss: 0.0002 Acc: 1.0000
iteration 6300 train loss: 0.0005 Acc: 1.0000
iteration 6320 train loss: 0.0006 Acc: 1.0000
iteration 6340 train loss: 0.0017 Acc: 0.9688
iteration 6360 train loss: 0.0017 Acc: 0.9688
iteration 6380 train loss: 0.0003 Acc: 1.0000
iteration 6400 train loss: 0.0002 Acc: 1.0000
iteration 6420 train loss: 0.0002 Acc: 1.0000
iteration 6440 train loss: 0.0002 Acc: 1.0000
iteration 6460 train loss: 0.0020 Acc: 0.9375
iteration 6480 train loss: 0.0060 Acc: 0.9688
iteration 6500 train loss: 0.0037 Acc: 0.9375
iteration 6520 train loss: 0.0007 Acc: 1.0000
iteration 6540 train loss: 0.0011 Acc: 1.0000
iteration 6560 train loss: 0.0007 Acc: 1.0000
iteration 6580 train loss: 0.0010 Acc: 0.9688
iteration 6600 train loss: 0.0007 Acc: 1.0000
iteration 6620 train loss: 0.0001 Acc: 1.0000
iteration 6640 train loss: 0.0001 Acc: 1.0000
iteration 6660 train loss: 0.0000 Acc: 1.0000
iteration 6680 train loss: 0.0088 Acc: 0.9062
iteration 6700 train loss: 0.0019 Acc: 0.9688
iteration 6720 train loss: 0.0004 Acc: 1.0000
iteration 6740 train loss: 0.0026 Acc: 0.9688
iteration 6760 train loss: 0.0005 Acc: 1.0000
iteration 6780 train loss: 0.0005 Acc: 1.0000
iteration 6800 train loss: 0.0043 Acc: 0.9062
iteration 6820 train loss: 0.0008 Acc: 1.0000
iteration 6840 train loss: 0.0003 Acc: 1.0000
iteration 6860 train loss: 0.0000 Acc: 1.0000
iteration 6880 train loss: 0.0019 Acc: 0.9688
iteration 6900 train loss: 0.0014 Acc: 1.0000
iteration 6920 train loss: 0.0003 Acc: 1.0000
iteration 6940 train loss: 0.0026 Acc: 0.9688
iteration 6960 train loss: 0.0035 Acc: 0.9688
iteration 6980 train loss: 0.0003 Acc: 1.0000
iteration 7000 train loss: 0.0014 Acc: 0.9688
iteration 7020 train loss: 0.0004 Acc: 1.0000
iteration 7040 train loss: 0.0027 Acc: 0.9688
iteration 7060 train loss: 0.0037 Acc: 0.9375
iteration 7080 train loss: 0.0006 Acc: 1.0000
iteration 7100 train loss: 0.0001 Acc: 1.0000
iteration 7120 train loss: 0.0004 Acc: 1.0000
iteration 7140 train loss: 0.0005 Acc: 1.0000
iteration 7160 train loss: 0.0021 Acc: 0.9688
iteration 7180 train loss: 0.0003 Acc: 1.0000
iteration 7200 train loss: 0.0011 Acc: 1.0000
iteration 7220 train loss: 0.0002 Acc: 1.0000
iteration 7240 train loss: 0.0000 Acc: 1.0000
iteration 7260 train loss: 0.0000 Acc: 1.0000
iteration 7280 train loss: 0.0005 Acc: 1.0000
iteration 7300 train loss: 0.0009 Acc: 0.9688
iteration 7320 train loss: 0.0017 Acc: 0.9688
iteration 7340 train loss: 0.0029 Acc: 0.9688
iteration 7360 train loss: 0.0001 Acc: 1.0000
iteration 7380 train loss: 0.0001 Acc: 1.0000
iteration 7400 train loss: 0.0016 Acc: 0.9688
iteration 7420 train loss: 0.0028 Acc: 0.9375
iteration 7440 train loss: 0.0006 Acc: 1.0000
iteration 7460 train loss: 0.0129 Acc: 0.9375
iteration 7480 train loss: 0.0004 Acc: 1.0000
iteration 7500 train loss: 0.0006 Acc: 1.0000
iteration 7520 train loss: 0.0012 Acc: 1.0000
iteration 7540 train loss: 0.0004 Acc: 1.0000
iteration 7560 train loss: 0.0016 Acc: 0.9375
iteration 7580 train loss: 0.0002 Acc: 1.0000
iteration 7600 train loss: 0.0002 Acc: 1.0000
iteration 7620 train loss: 0.0004 Acc: 1.0000
iteration 7640 train loss: 0.0000 Acc: 1.0000
iteration 7660 train loss: 0.0003 Acc: 1.0000
iteration 7680 train loss: 0.0004 Acc: 1.0000
iteration 7700 train loss: 0.0002 Acc: 1.0000
iteration 7720 train loss: 0.0002 Acc: 1.0000
iteration 7740 train loss: 0.0006 Acc: 1.0000
iteration 7760 train loss: 0.0002 Acc: 1.0000
iteration 7780 train loss: 0.0009 Acc: 0.9688
iteration 7800 train loss: 0.0003 Acc: 1.0000
iteration 7820 train loss: 0.0027 Acc: 0.9375
iteration 7840 train loss: 0.0006 Acc: 1.0000
iteration 7860 train loss: 0.0037 Acc: 0.9688
iteration 7880 train loss: 0.0010 Acc: 1.0000
iteration 7900 train loss: 0.0017 Acc: 0.9688
iteration 7920 train loss: 0.0001 Acc: 1.0000
iteration 7940 train loss: 0.0000 Acc: 1.0000
iteration 7960 train loss: 0.0094 Acc: 0.9062
iteration 7980 train loss: 0.0002 Acc: 1.0000
iteration 8000 train loss: 0.0001 Acc: 1.0000
iteration 8020 train loss: 0.0003 Acc: 1.0000
iteration 8040 train loss: 0.0001 Acc: 1.0000
iteration 8060 train loss: 0.0004 Acc: 1.0000
iteration 8080 train loss: 0.0002 Acc: 1.0000
iteration 8100 train loss: 0.0001 Acc: 1.0000
iteration 8120 train loss: 0.0000 Acc: 1.0000
iteration 8140 train loss: 0.0001 Acc: 1.0000
iteration 8160 train loss: 0.0017 Acc: 0.9688
iteration 8180 train loss: 0.0006 Acc: 1.0000
iteration 8200 train loss: 0.0001 Acc: 1.0000
iteration 8220 train loss: 0.0000 Acc: 1.0000
iteration 8240 train loss: 0.0000 Acc: 1.0000
iteration 8260 train loss: 0.0001 Acc: 1.0000
iteration 8280 train loss: 0.0058 Acc: 0.9688
iteration 8300 train loss: 0.0003 Acc: 1.0000
iteration 8320 train loss: 0.0013 Acc: 0.9688
iteration 8340 train loss: 0.0004 Acc: 1.0000
iteration 8360 train loss: 0.0001 Acc: 1.0000
iteration 8380 train loss: 0.0010 Acc: 0.9688
iteration 8400 train loss: 0.0003 Acc: 1.0000
iteration 8420 train loss: 0.0018 Acc: 0.9688
iteration 8440 train loss: 0.0001 Acc: 1.0000
iteration 8460 train loss: 0.0010 Acc: 0.9688
iteration 8480 train loss: 0.0001 Acc: 1.0000
iteration 8500 train loss: 0.0002 Acc: 1.0000
iteration 8520 train loss: 0.0013 Acc: 0.9688
iteration 8540 train loss: 0.0002 Acc: 1.0000
iteration 8560 train loss: 0.0031 Acc: 0.9375
iteration 8580 train loss: 0.0002 Acc: 1.0000
iteration 8600 train loss: 0.0017 Acc: 0.9375
iteration 8620 train loss: 0.0001 Acc: 1.0000
iteration 8640 train loss: 0.0011 Acc: 1.0000
iteration 8660 train loss: 0.0070 Acc: 0.9688
iteration 8680 train loss: 0.0006 Acc: 1.0000
iteration 8700 train loss: 0.0002 Acc: 1.0000
iteration 8720 train loss: 0.0000 Acc: 1.0000
iteration 8740 train loss: 0.0048 Acc: 0.9375
iteration 8760 train loss: 0.0019 Acc: 0.9688
iteration 8780 train loss: 0.0016 Acc: 0.9688
iteration 8800 train loss: 0.0008 Acc: 0.9688
iteration 8820 train loss: 0.0001 Acc: 1.0000
iteration 8840 train loss: 0.0001 Acc: 1.0000
iteration 8860 train loss: 0.0015 Acc: 0.9688
iteration 8880 train loss: 0.0005 Acc: 1.0000
iteration 8900 train loss: 0.0000 Acc: 1.0000
iteration 8920 train loss: 0.0006 Acc: 1.0000
iteration 8940 train loss: 0.0000 Acc: 1.0000
iteration 8960 train loss: 0.0000 Acc: 1.0000
iteration 8980 train loss: 0.0012 Acc: 0.9688
iteration 9000 train loss: 0.0040 Acc: 0.9688
iteration 9020 train loss: 0.0001 Acc: 1.0000
iteration 9040 train loss: 0.0075 Acc: 0.9375
iteration 9060 train loss: 0.0002 Acc: 1.0000
iteration 9080 train loss: 0.0001 Acc: 1.0000
iteration 9100 train loss: 0.0009 Acc: 1.0000
iteration 9120 train loss: 0.0023 Acc: 0.9688
iteration 9140 train loss: 0.0001 Acc: 1.0000
iteration 9160 train loss: 0.0001 Acc: 1.0000
iteration 9180 train loss: 0.0014 Acc: 0.9688
iteration 9200 train loss: 0.0008 Acc: 1.0000
iteration 9220 train loss: 0.0003 Acc: 1.0000
iteration 9240 train loss: 0.0000 Acc: 1.0000
iteration 9260 train loss: 0.0006 Acc: 1.0000
iteration 9280 train loss: 0.0000 Acc: 1.0000
iteration 9300 train loss: 0.0001 Acc: 1.0000
iteration 9320 train loss: 0.0000 Acc: 1.0000
iteration 9340 train loss: 0.0000 Acc: 1.0000
iteration 9360 train loss: 0.0002 Acc: 1.0000
iteration 9380 train loss: 0.0003 Acc: 1.0000
iteration 9400 train loss: 0.0004 Acc: 1.0000
iteration 9420 train loss: 0.0008 Acc: 1.0000
iteration 9440 train loss: 0.0059 Acc: 0.9688
iteration 9460 train loss: 0.0004 Acc: 1.0000
iteration 9480 train loss: 0.0003 Acc: 1.0000
iteration 9500 train loss: 0.0000 Acc: 1.0000
iteration 9520 train loss: 0.0003 Acc: 1.0000
iteration 9540 train loss: 0.0002 Acc: 1.0000
iteration 9560 train loss: 0.0000 Acc: 1.0000
iteration 9580 train loss: 0.0008 Acc: 1.0000
iteration 9600 train loss: 0.0033 Acc: 0.9688
iteration 9620 train loss: 0.0006 Acc: 1.0000
iteration 9640 train loss: 0.0005 Acc: 1.0000
iteration 9660 train loss: 0.0020 Acc: 0.9375
iteration 9680 train loss: 0.0001 Acc: 1.0000
iteration 9700 train loss: 0.0005 Acc: 1.0000
iteration 9720 train loss: 0.0000 Acc: 1.0000
iteration 9740 train loss: 0.0001 Acc: 1.0000
iteration 9760 train loss: 0.0003 Acc: 1.0000
iteration 9780 train loss: 0.0022 Acc: 0.9375
iteration 9800 train loss: 0.0022 Acc: 0.9375
iteration 9820 train loss: 0.0014 Acc: 0.9688
iteration 9840 train loss: 0.0002 Acc: 1.0000
iteration 9860 train loss: 0.0002 Acc: 1.0000
iteration 9880 train loss: 0.0000 Acc: 1.0000
iteration 9900 train loss: 0.0010 Acc: 0.9688
iteration 9920 train loss: 0.0002 Acc: 1.0000
iteration 9940 train loss: 0.0000 Acc: 1.0000
iteration 9960 train loss: 0.0000 Acc: 1.0000
iteration 9980 train loss: 0.0004 Acc: 1.0000
iteration 10000 train loss: 0.0033 Acc: 0.9375
iteration 10020 train loss: 0.0006 Acc: 1.0000
iteration 10040 train loss: 0.0012 Acc: 0.9688
iteration 10060 train loss: 0.0000 Acc: 1.0000
iteration 10080 train loss: 0.0001 Acc: 1.0000
iteration 10100 train loss: 0.0063 Acc: 0.9688
iteration 10120 train loss: 0.0021 Acc: 0.9688
iteration 10140 train loss: 0.0001 Acc: 1.0000
iteration 10160 train loss: 0.0015 Acc: 0.9688
iteration 10180 train loss: 0.0009 Acc: 1.0000
iteration 10200 train loss: 0.0001 Acc: 1.0000
iteration 10220 train loss: 0.0014 Acc: 0.9688
iteration 10240 train loss: 0.0000 Acc: 1.0000
iteration 10260 train loss: 0.0008 Acc: 1.0000
iteration 10280 train loss: 0.0008 Acc: 0.9688
iteration 10300 train loss: 0.0033 Acc: 0.9375
iteration 10320 train loss: 0.0003 Acc: 1.0000
iteration 10340 train loss: 0.0024 Acc: 0.9688
iteration 10360 train loss: 0.0000 Acc: 1.0000
iteration 10380 train loss: 0.0014 Acc: 0.9688
iteration 10400 train loss: 0.0031 Acc: 0.9688
iteration 10420 train loss: 0.0001 Acc: 1.0000
iteration 10440 train loss: 0.0000 Acc: 1.0000
iteration 10460 train loss: 0.0000 Acc: 1.0000
iteration 10480 train loss: 0.0002 Acc: 1.0000
iteration 10500 train loss: 0.0012 Acc: 1.0000
iteration 10520 train loss: 0.0006 Acc: 1.0000
iteration 10540 train loss: 0.0002 Acc: 1.0000
iteration 10560 train loss: 0.0007 Acc: 1.0000
iteration 10580 train loss: 0.0001 Acc: 1.0000
iteration 10600 train loss: 0.0002 Acc: 1.0000
iteration 10620 train loss: 0.0036 Acc: 0.9688
iteration 10640 train loss: 0.0001 Acc: 1.0000
iteration 10660 train loss: 0.0006 Acc: 1.0000
iteration 10680 train loss: 0.0000 Acc: 1.0000
iteration 10700 train loss: 0.0001 Acc: 1.0000
iteration 10720 train loss: 0.0001 Acc: 1.0000
iteration 10740 train loss: 0.0002 Acc: 1.0000
iteration 10760 train loss: 0.0000 Acc: 1.0000
iteration 10780 train loss: 0.0000 Acc: 1.0000
iteration 10800 train loss: 0.0001 Acc: 1.0000
iteration 10820 train loss: 0.0027 Acc: 0.9688
iteration 10840 train loss: 0.0000 Acc: 1.0000
iteration 10860 train loss: 0.0002 Acc: 1.0000
iteration 10880 train loss: 0.0010 Acc: 0.9688
iteration 10900 train loss: 0.0004 Acc: 1.0000
iteration 10920 train loss: 0.0000 Acc: 1.0000
iteration 10940 train loss: 0.0043 Acc: 0.9688
iteration 10960 train loss: 0.0001 Acc: 1.0000
iteration 10980 train loss: 0.0002 Acc: 1.0000
iteration 11000 train loss: 0.0000 Acc: 1.0000
iteration 11020 train loss: 0.0003 Acc: 1.0000
iteration 11040 train loss: 0.0020 Acc: 0.9688
iteration 11060 train loss: 0.0008 Acc: 1.0000
iteration 11080 train loss: 0.0000 Acc: 1.0000
iteration 11100 train loss: 0.0008 Acc: 0.9688
iteration 11120 train loss: 0.0005 Acc: 1.0000
iteration 11140 train loss: 0.0000 Acc: 1.0000
iteration 11160 train loss: 0.0030 Acc: 0.9688
iteration 11180 train loss: 0.0006 Acc: 1.0000
iteration 11200 train loss: 0.0001 Acc: 1.0000
iteration 11220 train loss: 0.0006 Acc: 1.0000
iteration 11240 train loss: 0.0006 Acc: 1.0000
iteration 11260 train loss: 0.0001 Acc: 1.0000
iteration 11280 train loss: 0.0002 Acc: 1.0000
iteration 11300 train loss: 0.0000 Acc: 1.0000
iteration 11320 train loss: 0.0003 Acc: 1.0000
iteration 11340 train loss: 0.0000 Acc: 1.0000
iteration 11360 train loss: 0.0001 Acc: 1.0000
iteration 11380 train loss: 0.0005 Acc: 1.0000
iteration 11400 train loss: 0.0023 Acc: 0.9688
iteration 11420 train loss: 0.0002 Acc: 1.0000
iteration 11440 train loss: 0.0078 Acc: 0.9375
iteration 11460 train loss: 0.0002 Acc: 1.0000
iteration 11480 train loss: 0.0040 Acc: 0.9688
iteration 11500 train loss: 0.0006 Acc: 1.0000
iteration 11520 train loss: 0.0003 Acc: 1.0000
iteration 11540 train loss: 0.0000 Acc: 1.0000
iteration 11560 train loss: 0.0001 Acc: 1.0000
iteration 11580 train loss: 0.0022 Acc: 0.9688
iteration 11600 train loss: 0.0001 Acc: 1.0000
iteration 11620 train loss: 0.0046 Acc: 0.9688
iteration 11640 train loss: 0.0016 Acc: 0.9688
iteration 11660 train loss: 0.0008 Acc: 0.9688
iteration 11680 train loss: 0.0005 Acc: 1.0000
iteration 11700 train loss: 0.0006 Acc: 1.0000
iteration 11720 train loss: 0.0001 Acc: 1.0000
iteration 11740 train loss: 0.0009 Acc: 0.9688
iteration 11760 train loss: 0.0006 Acc: 1.0000
iteration 11780 train loss: 0.0001 Acc: 1.0000
iteration 11800 train loss: 0.0002 Acc: 1.0000
iteration 11820 train loss: 0.0011 Acc: 0.9688
iteration 11840 train loss: 0.0002 Acc: 1.0000
iteration 11860 train loss: 0.0066 Acc: 0.9688
iteration 11880 train loss: 0.0047 Acc: 0.9375
iteration 11900 train loss: 0.0002 Acc: 1.0000
iteration 11920 train loss: 0.0067 Acc: 0.9688
iteration 11940 train loss: 0.0019 Acc: 0.9688
iteration 11960 train loss: 0.0003 Acc: 1.0000
iteration 11980 train loss: 0.0000 Acc: 1.0000
iteration 12000 train loss: 0.0000 Acc: 1.0000
iteration 12020 train loss: 0.0002 Acc: 1.0000
iteration 12040 train loss: 0.0006 Acc: 1.0000
iteration 12060 train loss: 0.0000 Acc: 1.0000
iteration 12080 train loss: 0.0005 Acc: 1.0000
iteration 12100 train loss: 0.0002 Acc: 1.0000
iteration 12120 train loss: 0.0003 Acc: 1.0000
iteration 12140 train loss: 0.0004 Acc: 1.0000
iteration 12160 train loss: 0.0014 Acc: 0.9688
iteration 12180 train loss: 0.0009 Acc: 0.9688
iteration 12200 train loss: 0.0022 Acc: 0.9375
iteration 12220 train loss: 0.0001 Acc: 1.0000
iteration 12240 train loss: 0.0009 Acc: 0.9688
iteration 12260 train loss: 0.0000 Acc: 1.0000
iteration 12280 train loss: 0.0000 Acc: 1.0000
iteration 12300 train loss: 0.0000 Acc: 1.0000
iteration 12320 train loss: 0.0010 Acc: 0.9688
iteration 12340 train loss: 0.0000 Acc: 1.0000
iteration 12360 train loss: 0.0003 Acc: 1.0000
iteration 12380 train loss: 0.0006 Acc: 1.0000
iteration 12400 train loss: 0.0003 Acc: 1.0000
iteration 12420 train loss: 0.0007 Acc: 1.0000
iteration 12440 train loss: 0.0003 Acc: 1.0000
iteration 12460 train loss: 0.0028 Acc: 0.9688
iteration 12480 train loss: 0.0000 Acc: 1.0000
iteration 12500 train loss: 0.0017 Acc: 0.9688
iteration 12520 train loss: 0.0004 Acc: 1.0000
iteration 12540 train loss: 0.0003 Acc: 1.0000
iteration 12560 train loss: 0.0000 Acc: 1.0000
iteration 12580 train loss: 0.0010 Acc: 0.9688
iteration 12600 train loss: 0.0002 Acc: 1.0000
iteration 12620 train loss: 0.0001 Acc: 1.0000
iteration 12640 train loss: 0.0009 Acc: 1.0000
iteration 12660 train loss: 0.0039 Acc: 0.9688
iteration 12680 train loss: 0.0002 Acc: 1.0000
iteration 12700 train loss: 0.0000 Acc: 1.0000
iteration 12720 train loss: 0.0000 Acc: 1.0000
iteration 12740 train loss: 0.0000 Acc: 1.0000
iteration 12760 train loss: 0.0002 Acc: 1.0000
iteration 12780 train loss: 0.0003 Acc: 1.0000
iteration 12800 train loss: 0.0001 Acc: 1.0000
iteration 12820 train loss: 0.0013 Acc: 0.9688
iteration 12840 train loss: 0.0000 Acc: 1.0000
Traceback (most recent call last):
  File "train_CNN.py", line 116, in <module>
    main()
  File "train_CNN.py", line 54, in main
    for (image, labels) in train_loader:
  File "/public/dengzhijian/miniconda3/envs/dfs/lib/python3.6/site-packages/torch/utils/data/dataloader.py", line 435, in __next__
    data = self._next_data()
  File "/public/dengzhijian/miniconda3/envs/dfs/lib/python3.6/site-packages/torch/utils/data/dataloader.py", line 1085, in _next_data
    return self._process_data(data)
  File "/public/dengzhijian/miniconda3/envs/dfs/lib/python3.6/site-packages/torch/utils/data/dataloader.py", line 1111, in _process_data
    data.reraise()
  File "/public/dengzhijian/miniconda3/envs/dfs/lib/python3.6/site-packages/torch/_utils.py", line 428, in reraise
    raise self.exc_type(msg)
OSError: Caught OSError in DataLoader worker process 4.
Original Traceback (most recent call last):
  File "/public/dengzhijian/miniconda3/envs/dfs/lib/python3.6/site-packages/torch/utils/data/_utils/worker.py", line 198, in _worker_loop
    data = fetcher.fetch(index)
  File "/public/dengzhijian/miniconda3/envs/dfs/lib/python3.6/site-packages/torch/utils/data/_utils/fetch.py", line 44, in fetch
    data = [self.dataset[idx] for idx in possibly_batched_index]
  File "/public/dengzhijian/miniconda3/envs/dfs/lib/python3.6/site-packages/torch/utils/data/_utils/fetch.py", line 44, in <listcomp>
    data = [self.dataset[idx] for idx in possibly_batched_index]
  File "/public/dengzhijian/Deepfake-Detection-master/dataset/mydataset.py", line 27, in __getitem__
    img = Image.open(fn).convert('RGB')
  File "/public/dengzhijian/miniconda3/envs/dfs/lib/python3.6/site-packages/PIL/Image.py", line 2904, in open
    fp = builtins.open(filename, "rb")
OSError: [Errno 5] Input/output error: '/data-x/g15/ffpp-faces/Deepfakes/c40/images/457_398/196.jpg'

job end
