job begin
Job begin at 2022-01-10 13:26:21.920932
Data = NeuralTextures_c40
Epoch = 20
Weight_decay = 1e-05
Let's use 1 GPUs!
Using dropout 0.5
Epoch 1/20
====================
Traceback (most recent call last):
  File "train+test.py", line 194, in <module>
    main()
  File "train+test.py", line 119, in main
    outputs = model(image)
  File "/public/dengzhijian/miniconda3/envs/ffpp/lib/python3.6/site-packages/torch/nn/modules/module.py", line 1102, in _call_impl
    return forward_call(*input, **kwargs)
  File "/public/dengzhijian/miniconda3/envs/ffpp/lib/python3.6/site-packages/torch/nn/parallel/data_parallel.py", line 166, in forward
    return self.module(*inputs[0], **kwargs[0])
  File "/public/dengzhijian/miniconda3/envs/ffpp/lib/python3.6/site-packages/torch/nn/modules/module.py", line 1102, in _call_impl
    return forward_call(*input, **kwargs)
  File "/public/dengzhijian/CODE/TRY_latest/network/models.py", line 125, in forward
    x = self.model(x)
  File "/public/dengzhijian/miniconda3/envs/ffpp/lib/python3.6/site-packages/torch/nn/modules/module.py", line 1102, in _call_impl
    return forward_call(*input, **kwargs)
  File "/public/dengzhijian/CODE/TRY_latest/network/xception.py", line 298, in forward
    x = self.features(input)
  File "/public/dengzhijian/CODE/TRY_latest/network/xception.py", line 264, in features
    x = self.block3(x)
  File "/public/dengzhijian/miniconda3/envs/ffpp/lib/python3.6/site-packages/torch/nn/modules/module.py", line 1102, in _call_impl
    return forward_call(*input, **kwargs)
  File "/public/dengzhijian/CODE/TRY_latest/network/xception.py", line 182, in forward
    x = self.rep(inp)
  File "/public/dengzhijian/miniconda3/envs/ffpp/lib/python3.6/site-packages/torch/nn/modules/module.py", line 1102, in _call_impl
    return forward_call(*input, **kwargs)
  File "/public/dengzhijian/miniconda3/envs/ffpp/lib/python3.6/site-packages/torch/nn/modules/container.py", line 141, in forward
    input = module(input)
  File "/public/dengzhijian/miniconda3/envs/ffpp/lib/python3.6/site-packages/torch/nn/modules/module.py", line 1102, in _call_impl
    return forward_call(*input, **kwargs)
  File "/public/dengzhijian/miniconda3/envs/ffpp/lib/python3.6/site-packages/torch/nn/modules/pooling.py", line 164, in forward
    self.return_indices)
  File "/public/dengzhijian/miniconda3/envs/ffpp/lib/python3.6/site-packages/torch/_jit_internal.py", line 422, in fn
    return if_false(*args, **kwargs)
  File "/public/dengzhijian/miniconda3/envs/ffpp/lib/python3.6/site-packages/torch/nn/functional.py", line 719, in _max_pool2d
    return torch.max_pool2d(input, kernel_size, stride, padding, dilation, ceil_mode)
RuntimeError: CUDA out of memory. Tried to allocate 130.00 MiB (GPU 0; 10.76 GiB total capacity; 9.20 GiB already allocated; 106.56 MiB free; 9.37 GiB reserved in total by PyTorch) If reserved memory is >> allocated memory try setting max_split_size_mb to avoid fragmentation.  See documentation for Memory Management and PYTORCH_CUDA_ALLOC_CONF
job end
